\BOOKMARK [0][-]{chapter.1}{\376\377\0001\000\040\000P\000P\000\040\000C\000a\000l\000c\000u\000l\000a\000t\000o\000r}{}% 1
\BOOKMARK [0][-]{chapter.2}{\376\377\0002\000\040\000H\000i\000e\000r\000a\000r\000c\000h\000i\000c\000a\000l\000\040\000I\000n\000d\000e\000x}{}% 2
\BOOKMARK [1][-]{section.2.1}{\376\377\0002\000.\0001\000\040\000C\000l\000a\000s\000s\000\040\000H\000i\000e\000r\000a\000r\000c\000h\000y}{chapter.2}% 3
\BOOKMARK [0][-]{chapter.3}{\376\377\0003\000\040\000C\000l\000a\000s\000s\000\040\000I\000n\000d\000e\000x}{}% 4
\BOOKMARK [1][-]{section.3.1}{\376\377\0003\000.\0001\000\040\000C\000l\000a\000s\000s\000\040\000L\000i\000s\000t}{chapter.3}% 5
\BOOKMARK [0][-]{chapter.4}{\376\377\0004\000\040\000F\000i\000l\000e\000\040\000I\000n\000d\000e\000x}{}% 6
\BOOKMARK [1][-]{section.4.1}{\376\377\0004\000.\0001\000\040\000F\000i\000l\000e\000\040\000L\000i\000s\000t}{chapter.4}% 7
\BOOKMARK [0][-]{chapter.5}{\376\377\0005\000\040\000C\000l\000a\000s\000s\000\040\000D\000o\000c\000u\000m\000e\000n\000t\000a\000t\000i\000o\000n}{}% 8
\BOOKMARK [1][-]{section.5.1}{\376\377\0005\000.\0001\000\040\000F\000a\000c\000t\000o\000r\000i\000a\000l\000\137\000t\000e\000s\000t\000s\000\040\000C\000l\000a\000s\000s\000\040\000R\000e\000f\000e\000r\000e\000n\000c\000e}{chapter.5}% 9
\BOOKMARK [2][-]{subsection.5.1.1}{\376\377\0005\000.\0001\000.\0001\000\040\000D\000e\000t\000a\000i\000l\000e\000d\000\040\000D\000e\000s\000c\000r\000i\000p\000t\000i\000o\000n}{section.5.1}% 10
\BOOKMARK [2][-]{subsection.5.1.2}{\376\377\0005\000.\0001\000.\0002\000\040\000M\000e\000m\000b\000e\000r\000\040\000F\000u\000n\000c\000t\000i\000o\000n\000\040\000D\000o\000c\000u\000m\000e\000n\000t\000a\000t\000i\000o\000n}{section.5.1}% 11
\BOOKMARK [3][-]{subsubsection.5.1.2.1}{\376\377\0005\000.\0001\000.\0002\000.\0001\000\040\000f\000a\000c\000t\000\137\000t\000e\000s\000t\000\050\000\051}{subsection.5.1.2}% 12
\BOOKMARK [1][-]{section.5.2}{\376\377\0005\000.\0002\000\040\000G\000U\000I\000\040\000C\000l\000a\000s\000s\000\040\000R\000e\000f\000e\000r\000e\000n\000c\000e}{chapter.5}% 13
\BOOKMARK [2][-]{subsection.5.2.1}{\376\377\0005\000.\0002\000.\0001\000\040\000D\000e\000t\000a\000i\000l\000e\000d\000\040\000D\000e\000s\000c\000r\000i\000p\000t\000i\000o\000n}{section.5.2}% 14
\BOOKMARK [2][-]{subsection.5.2.2}{\376\377\0005\000.\0002\000.\0002\000\040\000M\000e\000m\000b\000e\000r\000\040\000F\000u\000n\000c\000t\000i\000o\000n\000\040\000D\000o\000c\000u\000m\000e\000n\000t\000a\000t\000i\000o\000n}{section.5.2}% 15
\BOOKMARK [3][-]{subsubsection.5.2.2.1}{\376\377\0005\000.\0002\000.\0002\000.\0001\000\040\000i\000n\000i\000t\000\137\000g\000r\000a\000p\000h\000i\000c\000s\000\050\000\051}{subsection.5.2.2}% 16
\BOOKMARK [3][-]{subsubsection.5.2.2.2}{\376\377\0005\000.\0002\000.\0002\000.\0002\000\040\000o\000n\000\137\000b\000a\000s\000i\000c\000\137\000m\000o\000d\000e\000\137\000a\000c\000t\000i\000v\000e\000\050\000\051}{subsection.5.2.2}% 17
\BOOKMARK [3][-]{subsubsection.5.2.2.3}{\376\377\0005\000.\0002\000.\0002\000.\0003\000\040\000o\000n\000\137\000b\000u\000t\000t\000o\000n\000\137\000c\000l\000i\000c\000k\000e\000d\000\050\000\051}{subsection.5.2.2}% 18
\BOOKMARK [3][-]{subsubsection.5.2.2.4}{\376\377\0005\000.\0002\000.\0002\000.\0004\000\040\000o\000n\000\137\000h\000e\000l\000p\000\137\000a\000c\000t\000i\000v\000e\000\050\000\051}{subsection.5.2.2}% 19
\BOOKMARK [3][-]{subsubsection.5.2.2.5}{\376\377\0005\000.\0002\000.\0002\000.\0005\000\040\000o\000n\000\137\000p\000r\000o\000\137\000m\000o\000d\000e\000\137\000a\000c\000t\000i\000v\000e\000\050\000\051}{subsection.5.2.2}% 20
\BOOKMARK [3][-]{subsubsection.5.2.2.6}{\376\377\0005\000.\0002\000.\0002\000.\0006\000\040\000o\000n\000\137\000s\000w\000i\000t\000c\000h\000\137\000s\000t\000a\000t\000e\000\137\000s\000e\000t\000\050\000\051}{subsection.5.2.2}% 21
\BOOKMARK [2][-]{subsection.5.2.3}{\376\377\0005\000.\0002\000.\0003\000\040\000M\000e\000m\000b\000e\000r\000\040\000D\000a\000t\000a\000\040\000D\000o\000c\000u\000m\000e\000n\000t\000a\000t\000i\000o\000n}{section.5.2}% 22
\BOOKMARK [3][-]{subsubsection.5.2.3.1}{\376\377\0005\000.\0002\000.\0003\000.\0001\000\040\000a\000d\000v\000a\000n\000c\000e\000d\000\137\000m\000e\000n\000u}{subsection.5.2.3}% 23
\BOOKMARK [3][-]{subsubsection.5.2.3.2}{\376\377\0005\000.\0002\000.\0003\000.\0002\000\040\000b\000a\000s\000i\000c\000\137\000m\000o\000d\000e}{subsection.5.2.3}% 24
\BOOKMARK [3][-]{subsubsection.5.2.3.3}{\376\377\0005\000.\0002\000.\0003\000.\0003\000\040\000b\000u\000i\000l\000d\000e\000r}{subsection.5.2.3}% 25
\BOOKMARK [3][-]{subsubsection.5.2.3.4}{\376\377\0005\000.\0002\000.\0003\000.\0004\000\040\000b\000u\000t\000t\000o\000n}{subsection.5.2.3}% 26
\BOOKMARK [3][-]{subsubsection.5.2.3.5}{\376\377\0005\000.\0002\000.\0003\000.\0005\000\040\000b\000u\000t\000t\000o\000n\000\137\000n\000a\000m\000e\000s}{subsection.5.2.3}% 27
\BOOKMARK [3][-]{subsubsection.5.2.3.6}{\376\377\0005\000.\0002\000.\0003\000.\0006\000\040\000b\000u\000t\000t\000o\000n\000\137\000t\000e\000x\000t}{subsection.5.2.3}% 28
\BOOKMARK [3][-]{subsubsection.5.2.3.7}{\376\377\0005\000.\0002\000.\0003\000.\0007\000\040\000c\000a\000l\000c\000u\000l\000a\000t\000o\000r}{subsection.5.2.3}% 29
\BOOKMARK [3][-]{subsubsection.5.2.3.8}{\376\377\0005\000.\0002\000.\0003\000.\0008\000\040\000d\000i\000s\000p\000l\000a\000y}{subsection.5.2.3}% 30
\BOOKMARK [3][-]{subsubsection.5.2.3.9}{\376\377\0005\000.\0002\000.\0003\000.\0009\000\040\000f\000i\000x\000e\000d}{subsection.5.2.3}% 31
\BOOKMARK [3][-]{subsubsection.5.2.3.10}{\376\377\0005\000.\0002\000.\0003\000.\0001\0000\000\040\000g\000r\000a\000p\000h\000i\000c\000s\000\137\000m\000o\000d\000e}{subsection.5.2.3}% 32
\BOOKMARK [3][-]{subsubsection.5.2.3.11}{\376\377\0005\000.\0002\000.\0003\000.\0001\0001\000\040\000h\000e\000l\000p}{subsection.5.2.3}% 33
\BOOKMARK [3][-]{subsubsection.5.2.3.12}{\376\377\0005\000.\0002\000.\0003\000.\0001\0002\000\040\000i\000n\000d\000e\000x\000\137\000a\000r\000r}{subsection.5.2.3}% 34
\BOOKMARK [3][-]{subsubsection.5.2.3.13}{\376\377\0005\000.\0002\000.\0003\000.\0001\0003\000\040\000l\000a\000b\000e\000l}{subsection.5.2.3}% 35
\BOOKMARK [3][-]{subsubsection.5.2.3.14}{\376\377\0005\000.\0002\000.\0003\000.\0001\0004\000\040\000l\000a\000b\000e\000l\000\137\000a\000d\000v\000a\000n\000c\000e\000d}{subsection.5.2.3}% 36
\BOOKMARK [3][-]{subsubsection.5.2.3.15}{\376\377\0005\000.\0002\000.\0003\000.\0001\0005\000\040\000l\000a\000b\000e\000l\000\137\000t\000e\000x\000t}{subsection.5.2.3}% 37
\BOOKMARK [3][-]{subsubsection.5.2.3.16}{\376\377\0005\000.\0002\000.\0003\000.\0001\0006\000\040\000l\000a\000b\000e\000l\000\137\000t\000e\000x\000t\000\137\000a\000d\000v\000a\000n\000c\000e\000d}{subsection.5.2.3}% 38
\BOOKMARK [3][-]{subsubsection.5.2.3.17}{\376\377\0005\000.\0002\000.\0003\000.\0001\0007\000\040\000l\000o\000g\000i\000c}{subsection.5.2.3}% 39
\BOOKMARK [3][-]{subsubsection.5.2.3.18}{\376\377\0005\000.\0002\000.\0003\000.\0001\0008\000\040\000m\000a\000i\000n\000\137\000m\000e\000n\000u}{subsection.5.2.3}% 40
\BOOKMARK [3][-]{subsubsection.5.2.3.19}{\376\377\0005\000.\0002\000.\0003\000.\0001\0009\000\040\000m\000o\000d\000e}{subsection.5.2.3}% 41
\BOOKMARK [3][-]{subsubsection.5.2.3.20}{\376\377\0005\000.\0002\000.\0003\000.\0002\0000\000\040\000p\000r\000o\000\137\000m\000o\000d\000e}{subsection.5.2.3}% 42
\BOOKMARK [3][-]{subsubsection.5.2.3.21}{\376\377\0005\000.\0002\000.\0003\000.\0002\0001\000\040\000p\000r\000o\000v\000i\000d\000e\000r}{subsection.5.2.3}% 43
\BOOKMARK [3][-]{subsubsection.5.2.3.22}{\376\377\0005\000.\0002\000.\0003\000.\0002\0002\000\040\000q\000u\000i\000t}{subsection.5.2.3}% 44
\BOOKMARK [3][-]{subsubsection.5.2.3.23}{\376\377\0005\000.\0002\000.\0003\000.\0002\0003\000\040\000s\000c\000r\000e\000e\000n}{subsection.5.2.3}% 45
\BOOKMARK [3][-]{subsubsection.5.2.3.24}{\376\377\0005\000.\0002\000.\0003\000.\0002\0004\000\040\000s\000w\000i\000t\000c\000h\000e\000r\000\137\000b\000u\000t\000t\000o\000n}{subsection.5.2.3}% 46
\BOOKMARK [3][-]{subsubsection.5.2.3.25}{\376\377\0005\000.\0002\000.\0003\000.\0002\0005\000\040\000v\000i\000e\000w}{subsection.5.2.3}% 47
\BOOKMARK [3][-]{subsubsection.5.2.3.26}{\376\377\0005\000.\0002\000.\0003\000.\0002\0006\000\040\000w\000i\000n\000d\000o\000w}{subsection.5.2.3}% 48
\BOOKMARK [1][-]{section.5.3}{\376\377\0005\000.\0003\000\040\000I\000n\000p\000u\000t\000\137\000c\000o\000n\000t\000r\000o\000l\000\040\000C\000l\000a\000s\000s\000\040\000R\000e\000f\000e\000r\000e\000n\000c\000e}{chapter.5}% 49
\BOOKMARK [2][-]{subsection.5.3.1}{\376\377\0005\000.\0003\000.\0001\000\040\000D\000e\000t\000a\000i\000l\000e\000d\000\040\000D\000e\000s\000c\000r\000i\000p\000t\000i\000o\000n}{section.5.3}% 50
\BOOKMARK [2][-]{subsection.5.3.2}{\376\377\0005\000.\0003\000.\0002\000\040\000M\000e\000m\000b\000e\000r\000\040\000F\000u\000n\000c\000t\000i\000o\000n\000\040\000D\000o\000c\000u\000m\000e\000n\000t\000a\000t\000i\000o\000n}{section.5.3}% 51
\BOOKMARK [3][-]{subsubsection.5.3.2.1}{\376\377\0005\000.\0003\000.\0002\000.\0001\000\040\000p\000a\000r\000s\000e\000\137\000s\000t\000r\000i\000n\000g\000\050\000\051}{subsection.5.3.2}% 52
\BOOKMARK [2][-]{subsection.5.3.3}{\376\377\0005\000.\0003\000.\0003\000\040\000M\000e\000m\000b\000e\000r\000\040\000D\000a\000t\000a\000\040\000D\000o\000c\000u\000m\000e\000n\000t\000a\000t\000i\000o\000n}{section.5.3}% 53
\BOOKMARK [3][-]{subsubsection.5.3.3.1}{\376\377\0005\000.\0003\000.\0003\000.\0001\000\040\000o\000u\000t\000p\000u\000t}{subsection.5.3.3}% 54
\BOOKMARK [3][-]{subsubsection.5.3.3.2}{\376\377\0005\000.\0003\000.\0003\000.\0002\000\040\000t\000e\000s\000t}{subsection.5.3.3}% 55
\BOOKMARK [1][-]{section.5.4}{\376\377\0005\000.\0004\000\040\000L\000o\000g\000i\000c\000\040\000C\000l\000a\000s\000s\000\040\000R\000e\000f\000e\000r\000e\000n\000c\000e}{chapter.5}% 56
\BOOKMARK [2][-]{subsection.5.4.1}{\376\377\0005\000.\0004\000.\0001\000\040\000D\000e\000t\000a\000i\000l\000e\000d\000\040\000D\000e\000s\000c\000r\000i\000p\000t\000i\000o\000n}{section.5.4}% 57
\BOOKMARK [2][-]{subsection.5.4.2}{\376\377\0005\000.\0004\000.\0002\000\040\000C\000o\000n\000s\000t\000r\000u\000c\000t\000o\000r\000\040\000\046\000\040\000D\000e\000s\000t\000r\000u\000c\000t\000o\000r\000\040\000D\000o\000c\000u\000m\000e\000n\000t\000a\000t\000i\000o\000n}{section.5.4}% 58
\BOOKMARK [3][-]{subsubsection.5.4.2.1}{\376\377\0005\000.\0004\000.\0002\000.\0001\000\040\000L\000o\000g\000i\000c\000\050\000\051}{subsection.5.4.2}% 59
\BOOKMARK [2][-]{subsection.5.4.3}{\376\377\0005\000.\0004\000.\0003\000\040\000M\000e\000m\000b\000e\000r\000\040\000F\000u\000n\000c\000t\000i\000o\000n\000\040\000D\000o\000c\000u\000m\000e\000n\000t\000a\000t\000i\000o\000n}{section.5.4}% 60
\BOOKMARK [3][-]{subsubsection.5.4.3.1}{\376\377\0005\000.\0004\000.\0003\000.\0001\000\040\000e\000q\000u\000a\000t\000i\000o\000n\000\137\000s\000t\000r\000i\000n\000g\000\137\000c\000o\000n\000t\000r\000o\000l\000\050\000\051}{subsection.5.4.3}% 61
\BOOKMARK [3][-]{subsubsection.5.4.3.2}{\376\377\0005\000.\0004\000.\0003\000.\0002\000\040\000e\000r\000a\000s\000e\000\137\000e\000q\000u\000a\000t\000i\000o\000n\000\050\000\051}{subsection.5.4.3}% 62
\BOOKMARK [3][-]{subsubsection.5.4.3.3}{\376\377\0005\000.\0004\000.\0003\000.\0003\000\040\000g\000e\000t\000\137\000r\000e\000s\000u\000l\000t\000\050\000\051}{subsection.5.4.3}% 63
\BOOKMARK [3][-]{subsubsection.5.4.3.4}{\376\377\0005\000.\0004\000.\0003\000.\0004\000\040\000r\000e\000a\000l\000\137\000t\000i\000m\000e\000\137\000c\000a\000l\000c\000u\000l\000a\000t\000i\000o\000n\000\050\000\051}{subsection.5.4.3}% 64
\BOOKMARK [3][-]{subsubsection.5.4.3.5}{\376\377\0005\000.\0004\000.\0003\000.\0005\000\040\000r\000e\000s\000e\000t\000\137\000e\000q\000u\000a\000t\000i\000o\000n\000\137\000s\000t\000r\000i\000n\000g\000\137\000c\000o\000n\000t\000r\000o\000l\000\050\000\051}{subsection.5.4.3}% 65
\BOOKMARK [3][-]{subsubsection.5.4.3.6}{\376\377\0005\000.\0004\000.\0003\000.\0006\000\040\000r\000e\000s\000u\000l\000t\000\137\000p\000r\000i\000n\000t\000\050\000\051}{subsection.5.4.3}% 66
\BOOKMARK [2][-]{subsection.5.4.4}{\376\377\0005\000.\0004\000.\0004\000\040\000F\000r\000i\000e\000n\000d\000s\000\040\000A\000n\000d\000\040\000R\000e\000l\000a\000t\000e\000d\000\040\000F\000u\000n\000c\000t\000i\000o\000n\000\040\000D\000o\000c\000u\000m\000e\000n\000t\000a\000t\000i\000o\000n}{section.5.4}% 67
\BOOKMARK [3][-]{subsubsection.5.4.4.1}{\376\377\0005\000.\0004\000.\0004\000.\0001\000\040\000c\000a\000l\000c\000u\000l\000a\000t\000e\000\050\000\051\000\040\000[\0001\000/\0002\000]}{subsection.5.4.4}% 68
\BOOKMARK [3][-]{subsubsection.5.4.4.2}{\376\377\0005\000.\0004\000.\0004\000.\0002\000\040\000c\000a\000l\000c\000u\000l\000a\000t\000e\000\050\000\051\000\040\000[\0002\000/\0002\000]}{subsection.5.4.4}% 69
\BOOKMARK [1][-]{section.5.5}{\376\377\0005\000.\0005\000\040\000N\000c\000o\000s\000\137\000t\000e\000s\000t\000\040\000C\000l\000a\000s\000s\000\040\000R\000e\000f\000e\000r\000e\000n\000c\000e}{chapter.5}% 70
\BOOKMARK [2][-]{subsection.5.5.1}{\376\377\0005\000.\0005\000.\0001\000\040\000D\000e\000t\000a\000i\000l\000e\000d\000\040\000D\000e\000s\000c\000r\000i\000p\000t\000i\000o\000n}{section.5.5}% 71
\BOOKMARK [2][-]{subsection.5.5.2}{\376\377\0005\000.\0005\000.\0002\000\040\000M\000e\000m\000b\000e\000r\000\040\000F\000u\000n\000c\000t\000i\000o\000n\000\040\000D\000o\000c\000u\000m\000e\000n\000t\000a\000t\000i\000o\000n}{section.5.5}% 72
\BOOKMARK [3][-]{subsubsection.5.5.2.1}{\376\377\0005\000.\0005\000.\0002\000.\0001\000\040\000c\000o\000s\000x\000\137\000t\000e\000s\000t\000\050\000\051}{subsection.5.5.2}% 73
\BOOKMARK [1][-]{section.5.6}{\376\377\0005\000.\0006\000\040\000N\000p\000o\000w\000\137\000t\000e\000s\000t\000\040\000C\000l\000a\000s\000s\000\040\000R\000e\000f\000e\000r\000e\000n\000c\000e}{chapter.5}% 74
\BOOKMARK [2][-]{subsection.5.6.1}{\376\377\0005\000.\0006\000.\0001\000\040\000D\000e\000t\000a\000i\000l\000e\000d\000\040\000D\000e\000s\000c\000r\000i\000p\000t\000i\000o\000n}{section.5.6}% 75
\BOOKMARK [2][-]{subsection.5.6.2}{\376\377\0005\000.\0006\000.\0002\000\040\000M\000e\000m\000b\000e\000r\000\040\000F\000u\000n\000c\000t\000i\000o\000n\000\040\000D\000o\000c\000u\000m\000e\000n\000t\000a\000t\000i\000o\000n}{section.5.6}% 76
\BOOKMARK [3][-]{subsubsection.5.6.2.1}{\376\377\0005\000.\0006\000.\0002\000.\0001\000\040\000p\000o\000w\000\137\000t\000e\000s\000t\000\050\000\051}{subsection.5.6.2}% 77
\BOOKMARK [1][-]{section.5.7}{\376\377\0005\000.\0007\000\040\000N\000r\000o\000o\000t\000\137\000t\000e\000s\000t\000\040\000C\000l\000a\000s\000s\000\040\000R\000e\000f\000e\000r\000e\000n\000c\000e}{chapter.5}% 78
\BOOKMARK [2][-]{subsection.5.7.1}{\376\377\0005\000.\0007\000.\0001\000\040\000D\000e\000t\000a\000i\000l\000e\000d\000\040\000D\000e\000s\000c\000r\000i\000p\000t\000i\000o\000n}{section.5.7}% 79
\BOOKMARK [2][-]{subsection.5.7.2}{\376\377\0005\000.\0007\000.\0002\000\040\000M\000e\000m\000b\000e\000r\000\040\000F\000u\000n\000c\000t\000i\000o\000n\000\040\000D\000o\000c\000u\000m\000e\000n\000t\000a\000t\000i\000o\000n}{section.5.7}% 80
\BOOKMARK [3][-]{subsubsection.5.7.2.1}{\376\377\0005\000.\0007\000.\0002\000.\0001\000\040\000r\000o\000o\000t\000\137\000t\000e\000s\000t\000\050\000\051}{subsection.5.7.2}% 81
\BOOKMARK [1][-]{section.5.8}{\376\377\0005\000.\0008\000\040\000N\000s\000i\000n\000\137\000t\000e\000s\000t\000\040\000C\000l\000a\000s\000s\000\040\000R\000e\000f\000e\000r\000e\000n\000c\000e}{chapter.5}% 82
\BOOKMARK [2][-]{subsection.5.8.1}{\376\377\0005\000.\0008\000.\0001\000\040\000D\000e\000t\000a\000i\000l\000e\000d\000\040\000D\000e\000s\000c\000r\000i\000p\000t\000i\000o\000n}{section.5.8}% 83
\BOOKMARK [2][-]{subsection.5.8.2}{\376\377\0005\000.\0008\000.\0002\000\040\000M\000e\000m\000b\000e\000r\000\040\000F\000u\000n\000c\000t\000i\000o\000n\000\040\000D\000o\000c\000u\000m\000e\000n\000t\000a\000t\000i\000o\000n}{section.5.8}% 84
\BOOKMARK [3][-]{subsubsection.5.8.2.1}{\376\377\0005\000.\0008\000.\0002\000.\0001\000\040\000s\000i\000n\000x\000\137\000t\000e\000s\000t\000\050\000\051}{subsection.5.8.2}% 85
\BOOKMARK [1][-]{section.5.9}{\376\377\0005\000.\0009\000\040\000N\000t\000a\000n\000\137\000t\000e\000s\000t\000\040\000C\000l\000a\000s\000s\000\040\000R\000e\000f\000e\000r\000e\000n\000c\000e}{chapter.5}% 86
\BOOKMARK [2][-]{subsection.5.9.1}{\376\377\0005\000.\0009\000.\0001\000\040\000D\000e\000t\000a\000i\000l\000e\000d\000\040\000D\000e\000s\000c\000r\000i\000p\000t\000i\000o\000n}{section.5.9}% 87
\BOOKMARK [2][-]{subsection.5.9.2}{\376\377\0005\000.\0009\000.\0002\000\040\000M\000e\000m\000b\000e\000r\000\040\000F\000u\000n\000c\000t\000i\000o\000n\000\040\000D\000o\000c\000u\000m\000e\000n\000t\000a\000t\000i\000o\000n}{section.5.9}% 88
\BOOKMARK [3][-]{subsubsection.5.9.2.1}{\376\377\0005\000.\0009\000.\0002\000.\0001\000\040\000t\000a\000n\000x\000\137\000t\000e\000s\000t\000\050\000\051}{subsection.5.9.2}% 89
\BOOKMARK [1][-]{section.5.10}{\376\377\0005\000.\0001\0000\000\040\000R\000e\000a\000l\000\137\000t\000i\000m\000e\000\137\000c\000a\000l\000c\000\040\000C\000l\000a\000s\000s\000\040\000R\000e\000f\000e\000r\000e\000n\000c\000e}{chapter.5}% 90
\BOOKMARK [2][-]{subsection.5.10.1}{\376\377\0005\000.\0001\0000\000.\0001\000\040\000D\000e\000t\000a\000i\000l\000e\000d\000\040\000D\000e\000s\000c\000r\000i\000p\000t\000i\000o\000n}{section.5.10}% 91
\BOOKMARK [2][-]{subsection.5.10.2}{\376\377\0005\000.\0001\0000\000.\0002\000\040\000M\000e\000m\000b\000e\000r\000\040\000F\000u\000n\000c\000t\000i\000o\000n\000\040\000D\000o\000c\000u\000m\000e\000n\000t\000a\000t\000i\000o\000n}{section.5.10}% 92
\BOOKMARK [3][-]{subsubsection.5.10.2.1}{\376\377\0005\000.\0001\0000\000.\0002\000.\0001\000\040\000t\000e\000s\000t\000\137\000r\000e\000a\000l\000\137\000t\000i\000m\000e\000\137\000c\000a\000l\000c\000u\000l\000a\000t\000i\000o\000n\000\050\000\051}{subsection.5.10.2}% 93
\BOOKMARK [2][-]{subsection.5.10.3}{\376\377\0005\000.\0001\0000\000.\0003\000\040\000M\000e\000m\000b\000e\000r\000\040\000D\000a\000t\000a\000\040\000D\000o\000c\000u\000m\000e\000n\000t\000a\000t\000i\000o\000n}{section.5.10}% 94
\BOOKMARK [3][-]{subsubsection.5.10.3.1}{\376\377\0005\000.\0001\0000\000.\0003\000.\0001\000\040\000r\000e\000s\000u\000l\000t}{subsection.5.10.3}% 95
\BOOKMARK [3][-]{subsubsection.5.10.3.2}{\376\377\0005\000.\0001\0000\000.\0003\000.\0002\000\040\000t\000e\000s\000t}{subsection.5.10.3}% 96
\BOOKMARK [1][-]{section.5.11}{\376\377\0005\000.\0001\0001\000\040\000S\000t\000d\000d\000e\000v\000\137\000f\000u\000n\000c\000t\000i\000o\000n\000\040\000C\000l\000a\000s\000s\000\040\000R\000e\000f\000e\000r\000e\000n\000c\000e}{chapter.5}% 97
\BOOKMARK [2][-]{subsection.5.11.1}{\376\377\0005\000.\0001\0001\000.\0001\000\040\000D\000e\000t\000a\000i\000l\000e\000d\000\040\000D\000e\000s\000c\000r\000i\000p\000t\000i\000o\000n}{section.5.11}% 98
\BOOKMARK [2][-]{subsection.5.11.2}{\376\377\0005\000.\0001\0001\000.\0002\000\040\000C\000o\000n\000s\000t\000r\000u\000c\000t\000o\000r\000\040\000\046\000\040\000D\000e\000s\000t\000r\000u\000c\000t\000o\000r\000\040\000D\000o\000c\000u\000m\000e\000n\000t\000a\000t\000i\000o\000n}{section.5.11}% 99
\BOOKMARK [3][-]{subsubsection.5.11.2.1}{\376\377\0005\000.\0001\0001\000.\0002\000.\0001\000\040\000S\000t\000d\000d\000e\000v\000\137\000f\000u\000n\000c\000t\000i\000o\000n\000\050\000\051}{subsection.5.11.2}% 100
\BOOKMARK [3][-]{subsubsection.5.11.2.2}{\376\377\0005\000.\0001\0001\000.\0002\000.\0002\000\040\000\040\000S\000t\000d\000d\000e\000v\000\137\000f\000u\000n\000c\000t\000i\000o\000n\000\050\000\051}{subsection.5.11.2}% 101
\BOOKMARK [2][-]{subsection.5.11.3}{\376\377\0005\000.\0001\0001\000.\0003\000\040\000M\000e\000m\000b\000e\000r\000\040\000F\000u\000n\000c\000t\000i\000o\000n\000\040\000D\000o\000c\000u\000m\000e\000n\000t\000a\000t\000i\000o\000n}{section.5.11}% 102
\BOOKMARK [3][-]{subsubsection.5.11.3.1}{\376\377\0005\000.\0001\0001\000.\0003\000.\0001\000\040\000c\000a\000l\000c\000u\000l\000a\000t\000e\000\137\000s\000t\000d\000d\000e\000v\000\050\000\051}{subsection.5.11.3}% 103
\BOOKMARK [3][-]{subsubsection.5.11.3.2}{\376\377\0005\000.\0001\0001\000.\0003\000.\0002\000\040\000g\000e\000t\000\137\000d\000a\000t\000a\000\137\000p\000o\000i\000n\000t\000e\000r\000\050\000\051}{subsection.5.11.3}% 104
\BOOKMARK [3][-]{subsubsection.5.11.3.3}{\376\377\0005\000.\0001\0001\000.\0003\000.\0003\000\040\000l\000o\000a\000d\000\137\000f\000u\000n\000c\000t\000i\000o\000n\000\050\000\051}{subsection.5.11.3}% 105
\BOOKMARK [1][-]{section.5.12}{\376\377\0005\000.\0001\0002\000\040\000X\000p\000o\000w\000\137\000t\000e\000s\000t\000\040\000C\000l\000a\000s\000s\000\040\000R\000e\000f\000e\000r\000e\000n\000c\000e}{chapter.5}% 106
\BOOKMARK [2][-]{subsection.5.12.1}{\376\377\0005\000.\0001\0002\000.\0001\000\040\000D\000e\000t\000a\000i\000l\000e\000d\000\040\000D\000e\000s\000c\000r\000i\000p\000t\000i\000o\000n}{section.5.12}% 107
\BOOKMARK [2][-]{subsection.5.12.2}{\376\377\0005\000.\0001\0002\000.\0002\000\040\000M\000e\000m\000b\000e\000r\000\040\000F\000u\000n\000c\000t\000i\000o\000n\000\040\000D\000o\000c\000u\000m\000e\000n\000t\000a\000t\000i\000o\000n}{section.5.12}% 108
\BOOKMARK [3][-]{subsubsection.5.12.2.1}{\376\377\0005\000.\0001\0002\000.\0002\000.\0001\000\040\000p\000o\000w\000\137\000t\000e\000s\000t\000\050\000\051}{subsection.5.12.2}% 109
\BOOKMARK [0][-]{chapter.6}{\376\377\0006\000\040\000F\000i\000l\000e\000\040\000D\000o\000c\000u\000m\000e\000n\000t\000a\000t\000i\000o\000n}{}% 110
\BOOKMARK [1][-]{section.6.1}{\376\377\0006\000.\0001\000\040\000i\000n\000c\000l\000u\000d\000e\000/\000g\000r\000a\000p\000h\000i\000c\000s\000.\000h\000\040\000F\000i\000l\000e\000\040\000R\000e\000f\000e\000r\000e\000n\000c\000e}{chapter.6}% 111
\BOOKMARK [2][-]{subsection.6.1.1}{\376\377\0006\000.\0001\000.\0001\000\040\000D\000e\000t\000a\000i\000l\000e\000d\000\040\000D\000e\000s\000c\000r\000i\000p\000t\000i\000o\000n}{section.6.1}% 112
\BOOKMARK [2][-]{subsection.6.1.2}{\376\377\0006\000.\0001\000.\0002\000\040\000M\000a\000c\000r\000o\000\040\000D\000e\000f\000i\000n\000i\000t\000i\000o\000n\000\040\000D\000o\000c\000u\000m\000e\000n\000t\000a\000t\000i\000o\000n}{section.6.1}% 113
\BOOKMARK [3][-]{subsubsection.6.1.2.1}{\376\377\0006\000.\0001\000.\0002\000.\0001\000\040\000N\000U\000M\000\137\000O\000F\000\137\000B\000U\000T\000T\000O\000N\000S}{subsection.6.1.2}% 114
\BOOKMARK [1][-]{section.6.2}{\376\377\0006\000.\0002\000\040\000i\000n\000c\000l\000u\000d\000e\000/\000l\000o\000g\000i\000c\000.\000h\000\040\000F\000i\000l\000e\000\040\000R\000e\000f\000e\000r\000e\000n\000c\000e}{chapter.6}% 115
\BOOKMARK [2][-]{subsection.6.2.1}{\376\377\0006\000.\0002\000.\0001\000\040\000D\000e\000t\000a\000i\000l\000e\000d\000\040\000D\000e\000s\000c\000r\000i\000p\000t\000i\000o\000n}{section.6.2}% 116
\BOOKMARK [2][-]{subsection.6.2.2}{\376\377\0006\000.\0002\000.\0002\000\040\000M\000a\000c\000r\000o\000\040\000D\000e\000f\000i\000n\000i\000t\000i\000o\000n\000\040\000D\000o\000c\000u\000m\000e\000n\000t\000a\000t\000i\000o\000n}{section.6.2}% 117
\BOOKMARK [3][-]{subsubsection.6.2.2.1}{\376\377\0006\000.\0002\000.\0002\000.\0001\000\040\000B\000L\000O\000C\000K\000\137\000S\000I\000Z\000E}{subsection.6.2.2}% 118
\BOOKMARK [3][-]{subsubsection.6.2.2.2}{\376\377\0006\000.\0002\000.\0002\000.\0002\000\040\000E\000P\000S}{subsection.6.2.2}% 119
\BOOKMARK [3][-]{subsubsection.6.2.2.3}{\376\377\0006\000.\0002\000.\0002\000.\0003\000\040\000I\000S\000\137\000D\000I\000G\000I\000T}{subsection.6.2.2}% 120
\BOOKMARK [3][-]{subsubsection.6.2.2.4}{\376\377\0006\000.\0002\000.\0002\000.\0004\000\040\000I\000S\000\137\000O\000P\000E\000R\000A\000T\000O\000R}{subsection.6.2.2}% 121
\BOOKMARK [3][-]{subsubsection.6.2.2.5}{\376\377\0006\000.\0002\000.\0002\000.\0005\000\040\000I\000S\000\137\000O\000P\000E\000R\000A\000T\000O\000R\000\137\000N\000F}{subsection.6.2.2}% 122
\BOOKMARK [2][-]{subsection.6.2.3}{\376\377\0006\000.\0002\000.\0003\000\040\000E\000n\000u\000m\000e\000r\000a\000t\000i\000o\000n\000\040\000T\000y\000p\000e\000\040\000D\000o\000c\000u\000m\000e\000n\000t\000a\000t\000i\000o\000n}{section.6.2}% 123
\BOOKMARK [3][-]{subsubsection.6.2.3.1}{\376\377\0006\000.\0002\000.\0003\000.\0001\000\040\000c\000h\000a\000r\000a\000c\000t\000e\000r\000\137\000i\000n\000p\000u\000t\000\137\000s\000t\000a\000t\000e\000s}{subsection.6.2.3}% 124
\BOOKMARK [3][-]{subsubsection.6.2.3.2}{\376\377\0006\000.\0002\000.\0003\000.\0002\000\040\000s\000t\000r\000i\000n\000g\000\137\000c\000o\000n\000t\000r\000o\000l}{subsection.6.2.3}% 125
\BOOKMARK [1][-]{section.6.3}{\376\377\0006\000.\0003\000\040\000i\000n\000c\000l\000u\000d\000e\000/\000o\000u\000r\000\137\000m\000a\000t\000h\000.\000h\000\040\000F\000i\000l\000e\000\040\000R\000e\000f\000e\000r\000e\000n\000c\000e}{chapter.6}% 126
\BOOKMARK [2][-]{subsection.6.3.1}{\376\377\0006\000.\0003\000.\0001\000\040\000D\000e\000t\000a\000i\000l\000e\000d\000\040\000D\000e\000s\000c\000r\000i\000p\000t\000i\000o\000n}{section.6.3}% 127
\BOOKMARK [2][-]{subsection.6.3.2}{\376\377\0006\000.\0003\000.\0002\000\040\000M\000a\000c\000r\000o\000\040\000D\000e\000f\000i\000n\000i\000t\000i\000o\000n\000\040\000D\000o\000c\000u\000m\000e\000n\000t\000a\000t\000i\000o\000n}{section.6.3}% 128
\BOOKMARK [3][-]{subsubsection.6.3.2.1}{\376\377\0006\000.\0003\000.\0002\000.\0001\000\040\000A\000C\000C\000U\000R\000A\000C\000Y\000\137\000C\000O\000S}{subsection.6.3.2}% 129
\BOOKMARK [3][-]{subsubsection.6.3.2.2}{\376\377\0006\000.\0003\000.\0002\000.\0002\000\040\000A\000C\000C\000U\000R\000A\000C\000Y\000\137\000S\000I\000N}{subsection.6.3.2}% 130
\BOOKMARK [3][-]{subsubsection.6.3.2.3}{\376\377\0006\000.\0003\000.\0002\000.\0003\000\040\000E\000P\000S}{subsection.6.3.2}% 131
\BOOKMARK [3][-]{subsubsection.6.3.2.4}{\376\377\0006\000.\0003\000.\0002\000.\0004\000\040\000G\000O\000N\000I\000O\000\137\000E\000P\000S}{subsection.6.3.2}% 132
\BOOKMARK [3][-]{subsubsection.6.3.2.5}{\376\377\0006\000.\0003\000.\0002\000.\0005\000\040\000P\000I}{subsection.6.3.2}% 133
\BOOKMARK [3][-]{subsubsection.6.3.2.6}{\376\377\0006\000.\0003\000.\0002\000.\0006\000\040\000X\000P\000O\000W\000\137\000E\000P\000S}{subsection.6.3.2}% 134
\BOOKMARK [2][-]{subsection.6.3.3}{\376\377\0006\000.\0003\000.\0003\000\040\000F\000u\000n\000c\000t\000i\000o\000n\000\040\000D\000o\000c\000u\000m\000e\000n\000t\000a\000t\000i\000o\000n}{section.6.3}% 135
\BOOKMARK [3][-]{subsubsection.6.3.3.1}{\376\377\0006\000.\0003\000.\0003\000.\0001\000\040\000a\000d\000d\000\050\000\051}{subsection.6.3.3}% 136
\BOOKMARK [3][-]{subsubsection.6.3.3.2}{\376\377\0006\000.\0003\000.\0003\000.\0002\000\040\000c\000o\000s\000x\000\050\000\051}{subsection.6.3.3}% 137
\BOOKMARK [3][-]{subsubsection.6.3.3.3}{\376\377\0006\000.\0003\000.\0003\000.\0003\000\040\000d\000i\000v\000\137\000\050\000\051}{subsection.6.3.3}% 138
\BOOKMARK [3][-]{subsubsection.6.3.3.4}{\376\377\0006\000.\0003\000.\0003\000.\0004\000\040\000f\000a\000c\000t\000o\000r\000i\000a\000l\000\050\000\051}{subsection.6.3.3}% 139
\BOOKMARK [3][-]{subsubsection.6.3.3.5}{\376\377\0006\000.\0003\000.\0003\000.\0005\000\040\000m\000u\000l\000\050\000\051}{subsection.6.3.3}% 140
\BOOKMARK [3][-]{subsubsection.6.3.3.6}{\376\377\0006\000.\0003\000.\0003\000.\0006\000\040\000n\000p\000o\000w\000\050\000\051}{subsection.6.3.3}% 141
\BOOKMARK [3][-]{subsubsection.6.3.3.7}{\376\377\0006\000.\0003\000.\0003\000.\0007\000\040\000n\000r\000o\000o\000t\000\050\000\051}{subsection.6.3.3}% 142
\BOOKMARK [3][-]{subsubsection.6.3.3.8}{\376\377\0006\000.\0003\000.\0003\000.\0008\000\040\000s\000i\000n\000x\000\050\000\051}{subsection.6.3.3}% 143
\BOOKMARK [3][-]{subsubsection.6.3.3.9}{\376\377\0006\000.\0003\000.\0003\000.\0009\000\040\000s\000u\000b\000\050\000\051}{subsection.6.3.3}% 144
\BOOKMARK [3][-]{subsubsection.6.3.3.10}{\376\377\0006\000.\0003\000.\0003\000.\0001\0000\000\040\000t\000a\000n\000x\000\050\000\051}{subsection.6.3.3}% 145
\BOOKMARK [3][-]{subsubsection.6.3.3.11}{\376\377\0006\000.\0003\000.\0003\000.\0001\0001\000\040\000x\000p\000o\000w\000\050\000\051}{subsection.6.3.3}% 146
\BOOKMARK [1][-]{section.6.4}{\376\377\0006\000.\0004\000\040\000i\000n\000c\000l\000u\000d\000e\000/\000t\000e\000s\000t\000s\000.\000h\000\040\000F\000i\000l\000e\000\040\000R\000e\000f\000e\000r\000e\000n\000c\000e}{chapter.6}% 147
\BOOKMARK [2][-]{subsection.6.4.1}{\376\377\0006\000.\0004\000.\0001\000\040\000D\000e\000t\000a\000i\000l\000e\000d\000\040\000D\000e\000s\000c\000r\000i\000p\000t\000i\000o\000n}{section.6.4}% 148
\BOOKMARK [2][-]{subsection.6.4.2}{\376\377\0006\000.\0004\000.\0002\000\040\000M\000a\000c\000r\000o\000\040\000D\000e\000f\000i\000n\000i\000t\000i\000o\000n\000\040\000D\000o\000c\000u\000m\000e\000n\000t\000a\000t\000i\000o\000n}{section.6.4}% 149
\BOOKMARK [3][-]{subsubsection.6.4.2.1}{\376\377\0006\000.\0004\000.\0002\000.\0001\000\040\000A\000D\000D\000\137\000E\000Q\000U\000A\000T\000I\000O\000N\000\137\000W\000I\000T\000H\000\137\000R\000E\000S\000U\000L\000T\000\137\000S\000T\000D}{subsection.6.4.2}% 150
\BOOKMARK [3][-]{subsubsection.6.4.2.2}{\376\377\0006\000.\0004\000.\0002\000.\0002\000\040\000A\000D\000D\000\137\000E\000Q\000U\000A\000T\000I\000O\000N\000\137\000W\000I\000T\000H\000\137\000R\000E\000S\000U\000L\000T\000\137\000S\000T\000S}{subsection.6.4.2}% 151
\BOOKMARK [3][-]{subsubsection.6.4.2.3}{\376\377\0006\000.\0004\000.\0002\000.\0003\000\040\000N\000O}{subsection.6.4.2}% 152
\BOOKMARK [3][-]{subsubsection.6.4.2.4}{\376\377\0006\000.\0004\000.\0002\000.\0004\000\040\000N\000U\000M\000S}{subsection.6.4.2}% 153
\BOOKMARK [3][-]{subsubsection.6.4.2.5}{\376\377\0006\000.\0004\000.\0002\000.\0005\000\040\000O\000P\000S}{subsection.6.4.2}% 154
\BOOKMARK [3][-]{subsubsection.6.4.2.6}{\376\377\0006\000.\0004\000.\0002\000.\0006\000\040\000T\000E\000S\000T\000\137\000E\000P\000S}{subsection.6.4.2}% 155
\BOOKMARK [3][-]{subsubsection.6.4.2.7}{\376\377\0006\000.\0004\000.\0002\000.\0007\000\040\000Y\000E\000S}{subsection.6.4.2}% 156
\BOOKMARK [1][-]{section.6.5}{\376\377\0006\000.\0005\000\040\000s\000o\000u\000r\000c\000e\000/\000C\000M\000a\000k\000e\000L\000i\000s\000t\000s\000.\000t\000x\000t\000\040\000F\000i\000l\000e\000\040\000R\000e\000f\000e\000r\000e\000n\000c\000e}{chapter.6}% 157
\BOOKMARK [2][-]{subsection.6.5.1}{\376\377\0006\000.\0005\000.\0001\000\040\000F\000u\000n\000c\000t\000i\000o\000n\000\040\000D\000o\000c\000u\000m\000e\000n\000t\000a\000t\000i\000o\000n}{section.6.5}% 158
\BOOKMARK [3][-]{subsubsection.6.5.1.1}{\376\377\0006\000.\0005\000.\0001\000.\0001\000\040\000a\000d\000d\000\137\000l\000i\000b\000r\000a\000r\000y\000\050\000\051}{subsection.6.5.1}% 159
\BOOKMARK [3][-]{subsubsection.6.5.1.2}{\376\377\0006\000.\0005\000.\0001\000.\0002\000\040\000l\000i\000n\000k\000\137\000d\000i\000r\000e\000c\000t\000o\000r\000i\000e\000s\000\050\000\051}{subsection.6.5.1}% 160
\BOOKMARK [3][-]{subsubsection.6.5.1.3}{\376\377\0006\000.\0005\000.\0001\000.\0003\000\040\000s\000e\000t\000\050\000\051\000\040\000[\0001\000/\0003\000]}{subsection.6.5.1}% 161
\BOOKMARK [3][-]{subsubsection.6.5.1.4}{\376\377\0006\000.\0005\000.\0001\000.\0004\000\040\000s\000e\000t\000\050\000\051\000\040\000[\0002\000/\0003\000]}{subsection.6.5.1}% 162
\BOOKMARK [3][-]{subsubsection.6.5.1.5}{\376\377\0006\000.\0005\000.\0001\000.\0005\000\040\000s\000e\000t\000\050\000\051\000\040\000[\0003\000/\0003\000]}{subsection.6.5.1}% 163
\BOOKMARK [1][-]{section.6.6}{\376\377\0006\000.\0006\000\040\000s\000o\000u\000r\000c\000e\000/\000g\000r\000a\000p\000h\000i\000c\000s\000.\000c\000p\000p\000\040\000F\000i\000l\000e\000\040\000R\000e\000f\000e\000r\000e\000n\000c\000e}{chapter.6}% 164
\BOOKMARK [2][-]{subsection.6.6.1}{\376\377\0006\000.\0006\000.\0001\000\040\000D\000e\000t\000a\000i\000l\000e\000d\000\040\000D\000e\000s\000c\000r\000i\000p\000t\000i\000o\000n}{section.6.6}% 165
\BOOKMARK [1][-]{section.6.7}{\376\377\0006\000.\0007\000\040\000s\000o\000u\000r\000c\000e\000/\000l\000o\000g\000i\000c\000.\000c\000p\000p\000\040\000F\000i\000l\000e\000\040\000R\000e\000f\000e\000r\000e\000n\000c\000e}{chapter.6}% 166
\BOOKMARK [2][-]{subsection.6.7.1}{\376\377\0006\000.\0007\000.\0001\000\040\000D\000e\000t\000a\000i\000l\000e\000d\000\040\000D\000e\000s\000c\000r\000i\000p\000t\000i\000o\000n}{section.6.7}% 167
\BOOKMARK [1][-]{section.6.8}{\376\377\0006\000.\0008\000\040\000s\000o\000u\000r\000c\000e\000/\000m\000a\000i\000n\000.\000c\000p\000p\000\040\000F\000i\000l\000e\000\040\000R\000e\000f\000e\000r\000e\000n\000c\000e}{chapter.6}% 168
\BOOKMARK [2][-]{subsection.6.8.1}{\376\377\0006\000.\0008\000.\0001\000\040\000D\000e\000t\000a\000i\000l\000e\000d\000\040\000D\000e\000s\000c\000r\000i\000p\000t\000i\000o\000n}{section.6.8}% 169
\BOOKMARK [2][-]{subsection.6.8.2}{\376\377\0006\000.\0008\000.\0002\000\040\000F\000u\000n\000c\000t\000i\000o\000n\000\040\000D\000o\000c\000u\000m\000e\000n\000t\000a\000t\000i\000o\000n}{section.6.8}% 170
\BOOKMARK [3][-]{subsubsection.6.8.2.1}{\376\377\0006\000.\0008\000.\0002\000.\0001\000\040\000m\000a\000i\000n\000\050\000\051}{subsection.6.8.2}% 171
\BOOKMARK [1][-]{section.6.9}{\376\377\0006\000.\0009\000\040\000s\000o\000u\000r\000c\000e\000/\000o\000u\000r\000\137\000m\000a\000t\000h\000.\000c\000p\000p\000\040\000F\000i\000l\000e\000\040\000R\000e\000f\000e\000r\000e\000n\000c\000e}{chapter.6}% 172
\BOOKMARK [2][-]{subsection.6.9.1}{\376\377\0006\000.\0009\000.\0001\000\040\000D\000e\000t\000a\000i\000l\000e\000d\000\040\000D\000e\000s\000c\000r\000i\000p\000t\000i\000o\000n}{section.6.9}% 173
\BOOKMARK [2][-]{subsection.6.9.2}{\376\377\0006\000.\0009\000.\0002\000\040\000F\000u\000n\000c\000t\000i\000o\000n\000\040\000D\000o\000c\000u\000m\000e\000n\000t\000a\000t\000i\000o\000n}{section.6.9}% 174
\BOOKMARK [3][-]{subsubsection.6.9.2.1}{\376\377\0006\000.\0009\000.\0002\000.\0001\000\040\000a\000d\000d\000\050\000\051}{subsection.6.9.2}% 175
\BOOKMARK [3][-]{subsubsection.6.9.2.2}{\376\377\0006\000.\0009\000.\0002\000.\0002\000\040\000c\000o\000s\000x\000\050\000\051}{subsection.6.9.2}% 176
\BOOKMARK [3][-]{subsubsection.6.9.2.3}{\376\377\0006\000.\0009\000.\0002\000.\0003\000\040\000d\000i\000v\000\137\000\050\000\051}{subsection.6.9.2}% 177
\BOOKMARK [3][-]{subsubsection.6.9.2.4}{\376\377\0006\000.\0009\000.\0002\000.\0004\000\040\000f\000a\000c\000t\000o\000r\000i\000a\000l\000\050\000\051}{subsection.6.9.2}% 178
\BOOKMARK [3][-]{subsubsection.6.9.2.5}{\376\377\0006\000.\0009\000.\0002\000.\0005\000\040\000m\000u\000l\000\050\000\051}{subsection.6.9.2}% 179
\BOOKMARK [3][-]{subsubsection.6.9.2.6}{\376\377\0006\000.\0009\000.\0002\000.\0006\000\040\000n\000p\000o\000w\000\050\000\051}{subsection.6.9.2}% 180
\BOOKMARK [3][-]{subsubsection.6.9.2.7}{\376\377\0006\000.\0009\000.\0002\000.\0007\000\040\000n\000r\000o\000o\000t\000\050\000\051}{subsection.6.9.2}% 181
\BOOKMARK [3][-]{subsubsection.6.9.2.8}{\376\377\0006\000.\0009\000.\0002\000.\0008\000\040\000s\000i\000n\000x\000\050\000\051}{subsection.6.9.2}% 182
\BOOKMARK [3][-]{subsubsection.6.9.2.9}{\376\377\0006\000.\0009\000.\0002\000.\0009\000\040\000s\000u\000b\000\050\000\051}{subsection.6.9.2}% 183
\BOOKMARK [3][-]{subsubsection.6.9.2.10}{\376\377\0006\000.\0009\000.\0002\000.\0001\0000\000\040\000t\000a\000n\000x\000\050\000\051}{subsection.6.9.2}% 184
\BOOKMARK [3][-]{subsubsection.6.9.2.11}{\376\377\0006\000.\0009\000.\0002\000.\0001\0001\000\040\000x\000p\000o\000w\000\050\000\051}{subsection.6.9.2}% 185
\BOOKMARK [1][-]{section.6.10}{\376\377\0006\000.\0001\0000\000\040\000s\000o\000u\000r\000c\000e\000/\000s\000t\000d\000d\000e\000v\000.\000c\000p\000p\000\040\000F\000i\000l\000e\000\040\000R\000e\000f\000e\000r\000e\000n\000c\000e}{chapter.6}% 186
\BOOKMARK [2][-]{subsection.6.10.1}{\376\377\0006\000.\0001\0000\000.\0001\000\040\000D\000e\000t\000a\000i\000l\000e\000d\000\040\000D\000e\000s\000c\000r\000i\000p\000t\000i\000o\000n}{section.6.10}% 187
\BOOKMARK [2][-]{subsection.6.10.2}{\376\377\0006\000.\0001\0000\000.\0002\000\040\000F\000u\000n\000c\000t\000i\000o\000n\000\040\000D\000o\000c\000u\000m\000e\000n\000t\000a\000t\000i\000o\000n}{section.6.10}% 188
\BOOKMARK [3][-]{subsubsection.6.10.2.1}{\376\377\0006\000.\0001\0000\000.\0002\000.\0001\000\040\000m\000a\000i\000n\000\050\000\051}{subsection.6.10.2}% 189
\BOOKMARK [1][-]{section.6.11}{\376\377\0006\000.\0001\0001\000\040\000s\000o\000u\000r\000c\000e\000/\000t\000e\000s\000t\000\137\000m\000o\000c\000k\000\137\000s\000t\000u\000b\000.\000c\000p\000p\000\040\000F\000i\000l\000e\000\040\000R\000e\000f\000e\000r\000e\000n\000c\000e}{chapter.6}% 190
\BOOKMARK [2][-]{subsection.6.11.1}{\376\377\0006\000.\0001\0001\000.\0001\000\040\000D\000e\000t\000a\000i\000l\000e\000d\000\040\000D\000e\000s\000c\000r\000i\000p\000t\000i\000o\000n}{section.6.11}% 191
\BOOKMARK [1][-]{section.6.12}{\376\377\0006\000.\0001\0002\000\040\000s\000o\000u\000r\000c\000e\000/\000t\000e\000s\000t\000s\000.\000c\000p\000p\000\040\000F\000i\000l\000e\000\040\000R\000e\000f\000e\000r\000e\000n\000c\000e}{chapter.6}% 192
\BOOKMARK [2][-]{subsection.6.12.1}{\376\377\0006\000.\0001\0002\000.\0001\000\040\000D\000e\000t\000a\000i\000l\000e\000d\000\040\000D\000e\000s\000c\000r\000i\000p\000t\000i\000o\000n}{section.6.12}% 193
\BOOKMARK [2][-]{subsection.6.12.2}{\376\377\0006\000.\0001\0002\000.\0002\000\040\000F\000u\000n\000c\000t\000i\000o\000n\000\040\000D\000o\000c\000u\000m\000e\000n\000t\000a\000t\000i\000o\000n}{section.6.12}% 194
\BOOKMARK [3][-]{subsubsection.6.12.2.1}{\376\377\0006\000.\0001\0002\000.\0002\000.\0001\000\040\000T\000E\000S\000T\000\050\000\051\000\040\000[\0001\000/\0005\0006\000]}{subsection.6.12.2}% 195
\BOOKMARK [3][-]{subsubsection.6.12.2.2}{\376\377\0006\000.\0001\0002\000.\0002\000.\0002\000\040\000T\000E\000S\000T\000\050\000\051\000\040\000[\0002\000/\0005\0006\000]}{subsection.6.12.2}% 196
\BOOKMARK [3][-]{subsubsection.6.12.2.3}{\376\377\0006\000.\0001\0002\000.\0002\000.\0003\000\040\000T\000E\000S\000T\000\050\000\051\000\040\000[\0003\000/\0005\0006\000]}{subsection.6.12.2}% 197
\BOOKMARK [3][-]{subsubsection.6.12.2.4}{\376\377\0006\000.\0001\0002\000.\0002\000.\0004\000\040\000T\000E\000S\000T\000\050\000\051\000\040\000[\0004\000/\0005\0006\000]}{subsection.6.12.2}% 198
\BOOKMARK [3][-]{subsubsection.6.12.2.5}{\376\377\0006\000.\0001\0002\000.\0002\000.\0005\000\040\000T\000E\000S\000T\000\050\000\051\000\040\000[\0005\000/\0005\0006\000]}{subsection.6.12.2}% 199
\BOOKMARK [3][-]{subsubsection.6.12.2.6}{\376\377\0006\000.\0001\0002\000.\0002\000.\0006\000\040\000T\000E\000S\000T\000\050\000\051\000\040\000[\0006\000/\0005\0006\000]}{subsection.6.12.2}% 200
\BOOKMARK [3][-]{subsubsection.6.12.2.7}{\376\377\0006\000.\0001\0002\000.\0002\000.\0007\000\040\000T\000E\000S\000T\000\050\000\051\000\040\000[\0007\000/\0005\0006\000]}{subsection.6.12.2}% 201
\BOOKMARK [3][-]{subsubsection.6.12.2.8}{\376\377\0006\000.\0001\0002\000.\0002\000.\0008\000\040\000T\000E\000S\000T\000\050\000\051\000\040\000[\0008\000/\0005\0006\000]}{subsection.6.12.2}% 202
\BOOKMARK [3][-]{subsubsection.6.12.2.9}{\376\377\0006\000.\0001\0002\000.\0002\000.\0009\000\040\000T\000E\000S\000T\000\050\000\051\000\040\000[\0009\000/\0005\0006\000]}{subsection.6.12.2}% 203
\BOOKMARK [3][-]{subsubsection.6.12.2.10}{\376\377\0006\000.\0001\0002\000.\0002\000.\0001\0000\000\040\000T\000E\000S\000T\000\050\000\051\000\040\000[\0001\0000\000/\0005\0006\000]}{subsection.6.12.2}% 204
\BOOKMARK [3][-]{subsubsection.6.12.2.11}{\376\377\0006\000.\0001\0002\000.\0002\000.\0001\0001\000\040\000T\000E\000S\000T\000\050\000\051\000\040\000[\0001\0001\000/\0005\0006\000]}{subsection.6.12.2}% 205
\BOOKMARK [3][-]{subsubsection.6.12.2.12}{\376\377\0006\000.\0001\0002\000.\0002\000.\0001\0002\000\040\000T\000E\000S\000T\000\050\000\051\000\040\000[\0001\0002\000/\0005\0006\000]}{subsection.6.12.2}% 206
\BOOKMARK [3][-]{subsubsection.6.12.2.13}{\376\377\0006\000.\0001\0002\000.\0002\000.\0001\0003\000\040\000T\000E\000S\000T\000\050\000\051\000\040\000[\0001\0003\000/\0005\0006\000]}{subsection.6.12.2}% 207
\BOOKMARK [3][-]{subsubsection.6.12.2.14}{\376\377\0006\000.\0001\0002\000.\0002\000.\0001\0004\000\040\000T\000E\000S\000T\000\050\000\051\000\040\000[\0001\0004\000/\0005\0006\000]}{subsection.6.12.2}% 208
\BOOKMARK [3][-]{subsubsection.6.12.2.15}{\376\377\0006\000.\0001\0002\000.\0002\000.\0001\0005\000\040\000T\000E\000S\000T\000\050\000\051\000\040\000[\0001\0005\000/\0005\0006\000]}{subsection.6.12.2}% 209
\BOOKMARK [3][-]{subsubsection.6.12.2.16}{\376\377\0006\000.\0001\0002\000.\0002\000.\0001\0006\000\040\000T\000E\000S\000T\000\050\000\051\000\040\000[\0001\0006\000/\0005\0006\000]}{subsection.6.12.2}% 210
\BOOKMARK [3][-]{subsubsection.6.12.2.17}{\376\377\0006\000.\0001\0002\000.\0002\000.\0001\0007\000\040\000T\000E\000S\000T\000\050\000\051\000\040\000[\0001\0007\000/\0005\0006\000]}{subsection.6.12.2}% 211
\BOOKMARK [3][-]{subsubsection.6.12.2.18}{\376\377\0006\000.\0001\0002\000.\0002\000.\0001\0008\000\040\000T\000E\000S\000T\000\050\000\051\000\040\000[\0001\0008\000/\0005\0006\000]}{subsection.6.12.2}% 212
\BOOKMARK [3][-]{subsubsection.6.12.2.19}{\376\377\0006\000.\0001\0002\000.\0002\000.\0001\0009\000\040\000T\000E\000S\000T\000\050\000\051\000\040\000[\0001\0009\000/\0005\0006\000]}{subsection.6.12.2}% 213
\BOOKMARK [3][-]{subsubsection.6.12.2.20}{\376\377\0006\000.\0001\0002\000.\0002\000.\0002\0000\000\040\000T\000E\000S\000T\000\050\000\051\000\040\000[\0002\0000\000/\0005\0006\000]}{subsection.6.12.2}% 214
\BOOKMARK [3][-]{subsubsection.6.12.2.21}{\376\377\0006\000.\0001\0002\000.\0002\000.\0002\0001\000\040\000T\000E\000S\000T\000\050\000\051\000\040\000[\0002\0001\000/\0005\0006\000]}{subsection.6.12.2}% 215
\BOOKMARK [3][-]{subsubsection.6.12.2.22}{\376\377\0006\000.\0001\0002\000.\0002\000.\0002\0002\000\040\000T\000E\000S\000T\000\050\000\051\000\040\000[\0002\0002\000/\0005\0006\000]}{subsection.6.12.2}% 216
\BOOKMARK [3][-]{subsubsection.6.12.2.23}{\376\377\0006\000.\0001\0002\000.\0002\000.\0002\0003\000\040\000T\000E\000S\000T\000\050\000\051\000\040\000[\0002\0003\000/\0005\0006\000]}{subsection.6.12.2}% 217
\BOOKMARK [3][-]{subsubsection.6.12.2.24}{\376\377\0006\000.\0001\0002\000.\0002\000.\0002\0004\000\040\000T\000E\000S\000T\000\050\000\051\000\040\000[\0002\0004\000/\0005\0006\000]}{subsection.6.12.2}% 218
\BOOKMARK [3][-]{subsubsection.6.12.2.25}{\376\377\0006\000.\0001\0002\000.\0002\000.\0002\0005\000\040\000T\000E\000S\000T\000\050\000\051\000\040\000[\0002\0005\000/\0005\0006\000]}{subsection.6.12.2}% 219
\BOOKMARK [3][-]{subsubsection.6.12.2.26}{\376\377\0006\000.\0001\0002\000.\0002\000.\0002\0006\000\040\000T\000E\000S\000T\000\050\000\051\000\040\000[\0002\0006\000/\0005\0006\000]}{subsection.6.12.2}% 220
\BOOKMARK [3][-]{subsubsection.6.12.2.27}{\376\377\0006\000.\0001\0002\000.\0002\000.\0002\0007\000\040\000T\000E\000S\000T\000\050\000\051\000\040\000[\0002\0007\000/\0005\0006\000]}{subsection.6.12.2}% 221
\BOOKMARK [3][-]{subsubsection.6.12.2.28}{\376\377\0006\000.\0001\0002\000.\0002\000.\0002\0008\000\040\000T\000E\000S\000T\000\050\000\051\000\040\000[\0002\0008\000/\0005\0006\000]}{subsection.6.12.2}% 222
\BOOKMARK [3][-]{subsubsection.6.12.2.29}{\376\377\0006\000.\0001\0002\000.\0002\000.\0002\0009\000\040\000T\000E\000S\000T\000\050\000\051\000\040\000[\0002\0009\000/\0005\0006\000]}{subsection.6.12.2}% 223
\BOOKMARK [3][-]{subsubsection.6.12.2.30}{\376\377\0006\000.\0001\0002\000.\0002\000.\0003\0000\000\040\000T\000E\000S\000T\000\050\000\051\000\040\000[\0003\0000\000/\0005\0006\000]}{subsection.6.12.2}% 224
\BOOKMARK [3][-]{subsubsection.6.12.2.31}{\376\377\0006\000.\0001\0002\000.\0002\000.\0003\0001\000\040\000T\000E\000S\000T\000\050\000\051\000\040\000[\0003\0001\000/\0005\0006\000]}{subsection.6.12.2}% 225
\BOOKMARK [3][-]{subsubsection.6.12.2.32}{\376\377\0006\000.\0001\0002\000.\0002\000.\0003\0002\000\040\000T\000E\000S\000T\000\050\000\051\000\040\000[\0003\0002\000/\0005\0006\000]}{subsection.6.12.2}% 226
\BOOKMARK [3][-]{subsubsection.6.12.2.33}{\376\377\0006\000.\0001\0002\000.\0002\000.\0003\0003\000\040\000T\000E\000S\000T\000\050\000\051\000\040\000[\0003\0003\000/\0005\0006\000]}{subsection.6.12.2}% 227
\BOOKMARK [3][-]{subsubsection.6.12.2.34}{\376\377\0006\000.\0001\0002\000.\0002\000.\0003\0004\000\040\000T\000E\000S\000T\000\050\000\051\000\040\000[\0003\0004\000/\0005\0006\000]}{subsection.6.12.2}% 228
\BOOKMARK [3][-]{subsubsection.6.12.2.35}{\376\377\0006\000.\0001\0002\000.\0002\000.\0003\0005\000\040\000T\000E\000S\000T\000\050\000\051\000\040\000[\0003\0005\000/\0005\0006\000]}{subsection.6.12.2}% 229
\BOOKMARK [3][-]{subsubsection.6.12.2.36}{\376\377\0006\000.\0001\0002\000.\0002\000.\0003\0006\000\040\000T\000E\000S\000T\000\050\000\051\000\040\000[\0003\0006\000/\0005\0006\000]}{subsection.6.12.2}% 230
\BOOKMARK [3][-]{subsubsection.6.12.2.37}{\376\377\0006\000.\0001\0002\000.\0002\000.\0003\0007\000\040\000T\000E\000S\000T\000\050\000\051\000\040\000[\0003\0007\000/\0005\0006\000]}{subsection.6.12.2}% 231
\BOOKMARK [3][-]{subsubsection.6.12.2.38}{\376\377\0006\000.\0001\0002\000.\0002\000.\0003\0008\000\040\000T\000E\000S\000T\000\050\000\051\000\040\000[\0003\0008\000/\0005\0006\000]}{subsection.6.12.2}% 232
\BOOKMARK [3][-]{subsubsection.6.12.2.39}{\376\377\0006\000.\0001\0002\000.\0002\000.\0003\0009\000\040\000T\000E\000S\000T\000\050\000\051\000\040\000[\0003\0009\000/\0005\0006\000]}{subsection.6.12.2}% 233
\BOOKMARK [3][-]{subsubsection.6.12.2.40}{\376\377\0006\000.\0001\0002\000.\0002\000.\0004\0000\000\040\000T\000E\000S\000T\000\050\000\051\000\040\000[\0004\0000\000/\0005\0006\000]}{subsection.6.12.2}% 234
\BOOKMARK [3][-]{subsubsection.6.12.2.41}{\376\377\0006\000.\0001\0002\000.\0002\000.\0004\0001\000\040\000T\000E\000S\000T\000\050\000\051\000\040\000[\0004\0001\000/\0005\0006\000]}{subsection.6.12.2}% 235
\BOOKMARK [3][-]{subsubsection.6.12.2.42}{\376\377\0006\000.\0001\0002\000.\0002\000.\0004\0002\000\040\000T\000E\000S\000T\000\050\000\051\000\040\000[\0004\0002\000/\0005\0006\000]}{subsection.6.12.2}% 236
\BOOKMARK [3][-]{subsubsection.6.12.2.43}{\376\377\0006\000.\0001\0002\000.\0002\000.\0004\0003\000\040\000T\000E\000S\000T\000\050\000\051\000\040\000[\0004\0003\000/\0005\0006\000]}{subsection.6.12.2}% 237
\BOOKMARK [3][-]{subsubsection.6.12.2.44}{\376\377\0006\000.\0001\0002\000.\0002\000.\0004\0004\000\040\000T\000E\000S\000T\000\050\000\051\000\040\000[\0004\0004\000/\0005\0006\000]}{subsection.6.12.2}% 238
\BOOKMARK [3][-]{subsubsection.6.12.2.45}{\376\377\0006\000.\0001\0002\000.\0002\000.\0004\0005\000\040\000T\000E\000S\000T\000\050\000\051\000\040\000[\0004\0005\000/\0005\0006\000]}{subsection.6.12.2}% 239
\BOOKMARK [3][-]{subsubsection.6.12.2.46}{\376\377\0006\000.\0001\0002\000.\0002\000.\0004\0006\000\040\000T\000E\000S\000T\000\050\000\051\000\040\000[\0004\0006\000/\0005\0006\000]}{subsection.6.12.2}% 240
\BOOKMARK [3][-]{subsubsection.6.12.2.47}{\376\377\0006\000.\0001\0002\000.\0002\000.\0004\0007\000\040\000T\000E\000S\000T\000\050\000\051\000\040\000[\0004\0007\000/\0005\0006\000]}{subsection.6.12.2}% 241
\BOOKMARK [3][-]{subsubsection.6.12.2.48}{\376\377\0006\000.\0001\0002\000.\0002\000.\0004\0008\000\040\000T\000E\000S\000T\000\050\000\051\000\040\000[\0004\0008\000/\0005\0006\000]}{subsection.6.12.2}% 242
\BOOKMARK [3][-]{subsubsection.6.12.2.49}{\376\377\0006\000.\0001\0002\000.\0002\000.\0004\0009\000\040\000T\000E\000S\000T\000\050\000\051\000\040\000[\0004\0009\000/\0005\0006\000]}{subsection.6.12.2}% 243
\BOOKMARK [3][-]{subsubsection.6.12.2.50}{\376\377\0006\000.\0001\0002\000.\0002\000.\0005\0000\000\040\000T\000E\000S\000T\000\050\000\051\000\040\000[\0005\0000\000/\0005\0006\000]}{subsection.6.12.2}% 244
\BOOKMARK [3][-]{subsubsection.6.12.2.51}{\376\377\0006\000.\0001\0002\000.\0002\000.\0005\0001\000\040\000T\000E\000S\000T\000\050\000\051\000\040\000[\0005\0001\000/\0005\0006\000]}{subsection.6.12.2}% 245
\BOOKMARK [3][-]{subsubsection.6.12.2.52}{\376\377\0006\000.\0001\0002\000.\0002\000.\0005\0002\000\040\000T\000E\000S\000T\000\050\000\051\000\040\000[\0005\0002\000/\0005\0006\000]}{subsection.6.12.2}% 246
\BOOKMARK [3][-]{subsubsection.6.12.2.53}{\376\377\0006\000.\0001\0002\000.\0002\000.\0005\0003\000\040\000T\000E\000S\000T\000\050\000\051\000\040\000[\0005\0003\000/\0005\0006\000]}{subsection.6.12.2}% 247
\BOOKMARK [3][-]{subsubsection.6.12.2.54}{\376\377\0006\000.\0001\0002\000.\0002\000.\0005\0004\000\040\000T\000E\000S\000T\000\050\000\051\000\040\000[\0005\0004\000/\0005\0006\000]}{subsection.6.12.2}% 248
\BOOKMARK [3][-]{subsubsection.6.12.2.55}{\376\377\0006\000.\0001\0002\000.\0002\000.\0005\0005\000\040\000T\000E\000S\000T\000\050\000\051\000\040\000[\0005\0005\000/\0005\0006\000]}{subsection.6.12.2}% 249
\BOOKMARK [3][-]{subsubsection.6.12.2.56}{\376\377\0006\000.\0001\0002\000.\0002\000.\0005\0006\000\040\000T\000E\000S\000T\000\050\000\051\000\040\000[\0005\0006\000/\0005\0006\000]}{subsection.6.12.2}% 250
\BOOKMARK [3][-]{subsubsection.6.12.2.57}{\376\377\0006\000.\0001\0002\000.\0002\000.\0005\0007\000\040\000T\000E\000S\000T\000\137\000F\000\050\000\051\000\040\000[\0001\000/\0001\0001\0009\000]}{subsection.6.12.2}% 251
\BOOKMARK [3][-]{subsubsection.6.12.2.58}{\376\377\0006\000.\0001\0002\000.\0002\000.\0005\0008\000\040\000T\000E\000S\000T\000\137\000F\000\050\000\051\000\040\000[\0002\000/\0001\0001\0009\000]}{subsection.6.12.2}% 252
\BOOKMARK [3][-]{subsubsection.6.12.2.59}{\376\377\0006\000.\0001\0002\000.\0002\000.\0005\0009\000\040\000T\000E\000S\000T\000\137\000F\000\050\000\051\000\040\000[\0003\000/\0001\0001\0009\000]}{subsection.6.12.2}% 253
\BOOKMARK [3][-]{subsubsection.6.12.2.60}{\376\377\0006\000.\0001\0002\000.\0002\000.\0006\0000\000\040\000T\000E\000S\000T\000\137\000F\000\050\000\051\000\040\000[\0004\000/\0001\0001\0009\000]}{subsection.6.12.2}% 254
\BOOKMARK [3][-]{subsubsection.6.12.2.61}{\376\377\0006\000.\0001\0002\000.\0002\000.\0006\0001\000\040\000T\000E\000S\000T\000\137\000F\000\050\000\051\000\040\000[\0005\000/\0001\0001\0009\000]}{subsection.6.12.2}% 255
\BOOKMARK [3][-]{subsubsection.6.12.2.62}{\376\377\0006\000.\0001\0002\000.\0002\000.\0006\0002\000\040\000T\000E\000S\000T\000\137\000F\000\050\000\051\000\040\000[\0006\000/\0001\0001\0009\000]}{subsection.6.12.2}% 256
\BOOKMARK [3][-]{subsubsection.6.12.2.63}{\376\377\0006\000.\0001\0002\000.\0002\000.\0006\0003\000\040\000T\000E\000S\000T\000\137\000F\000\050\000\051\000\040\000[\0007\000/\0001\0001\0009\000]}{subsection.6.12.2}% 257
\BOOKMARK [3][-]{subsubsection.6.12.2.64}{\376\377\0006\000.\0001\0002\000.\0002\000.\0006\0004\000\040\000T\000E\000S\000T\000\137\000F\000\050\000\051\000\040\000[\0008\000/\0001\0001\0009\000]}{subsection.6.12.2}% 258
\BOOKMARK [3][-]{subsubsection.6.12.2.65}{\376\377\0006\000.\0001\0002\000.\0002\000.\0006\0005\000\040\000T\000E\000S\000T\000\137\000F\000\050\000\051\000\040\000[\0009\000/\0001\0001\0009\000]}{subsection.6.12.2}% 259
\BOOKMARK [3][-]{subsubsection.6.12.2.66}{\376\377\0006\000.\0001\0002\000.\0002\000.\0006\0006\000\040\000T\000E\000S\000T\000\137\000F\000\050\000\051\000\040\000[\0001\0000\000/\0001\0001\0009\000]}{subsection.6.12.2}% 260
\BOOKMARK [3][-]{subsubsection.6.12.2.67}{\376\377\0006\000.\0001\0002\000.\0002\000.\0006\0007\000\040\000T\000E\000S\000T\000\137\000F\000\050\000\051\000\040\000[\0001\0001\000/\0001\0001\0009\000]}{subsection.6.12.2}% 261
\BOOKMARK [3][-]{subsubsection.6.12.2.68}{\376\377\0006\000.\0001\0002\000.\0002\000.\0006\0008\000\040\000T\000E\000S\000T\000\137\000F\000\050\000\051\000\040\000[\0001\0002\000/\0001\0001\0009\000]}{subsection.6.12.2}% 262
\BOOKMARK [3][-]{subsubsection.6.12.2.69}{\376\377\0006\000.\0001\0002\000.\0002\000.\0006\0009\000\040\000T\000E\000S\000T\000\137\000F\000\050\000\051\000\040\000[\0001\0003\000/\0001\0001\0009\000]}{subsection.6.12.2}% 263
\BOOKMARK [3][-]{subsubsection.6.12.2.70}{\376\377\0006\000.\0001\0002\000.\0002\000.\0007\0000\000\040\000T\000E\000S\000T\000\137\000F\000\050\000\051\000\040\000[\0001\0004\000/\0001\0001\0009\000]}{subsection.6.12.2}% 264
\BOOKMARK [3][-]{subsubsection.6.12.2.71}{\376\377\0006\000.\0001\0002\000.\0002\000.\0007\0001\000\040\000T\000E\000S\000T\000\137\000F\000\050\000\051\000\040\000[\0001\0005\000/\0001\0001\0009\000]}{subsection.6.12.2}% 265
\BOOKMARK [3][-]{subsubsection.6.12.2.72}{\376\377\0006\000.\0001\0002\000.\0002\000.\0007\0002\000\040\000T\000E\000S\000T\000\137\000F\000\050\000\051\000\040\000[\0001\0006\000/\0001\0001\0009\000]}{subsection.6.12.2}% 266
\BOOKMARK [3][-]{subsubsection.6.12.2.73}{\376\377\0006\000.\0001\0002\000.\0002\000.\0007\0003\000\040\000T\000E\000S\000T\000\137\000F\000\050\000\051\000\040\000[\0001\0007\000/\0001\0001\0009\000]}{subsection.6.12.2}% 267
\BOOKMARK [3][-]{subsubsection.6.12.2.74}{\376\377\0006\000.\0001\0002\000.\0002\000.\0007\0004\000\040\000T\000E\000S\000T\000\137\000F\000\050\000\051\000\040\000[\0001\0008\000/\0001\0001\0009\000]}{subsection.6.12.2}% 268
\BOOKMARK [3][-]{subsubsection.6.12.2.75}{\376\377\0006\000.\0001\0002\000.\0002\000.\0007\0005\000\040\000T\000E\000S\000T\000\137\000F\000\050\000\051\000\040\000[\0001\0009\000/\0001\0001\0009\000]}{subsection.6.12.2}% 269
\BOOKMARK [3][-]{subsubsection.6.12.2.76}{\376\377\0006\000.\0001\0002\000.\0002\000.\0007\0006\000\040\000T\000E\000S\000T\000\137\000F\000\050\000\051\000\040\000[\0002\0000\000/\0001\0001\0009\000]}{subsection.6.12.2}% 270
\BOOKMARK [3][-]{subsubsection.6.12.2.77}{\376\377\0006\000.\0001\0002\000.\0002\000.\0007\0007\000\040\000T\000E\000S\000T\000\137\000F\000\050\000\051\000\040\000[\0002\0001\000/\0001\0001\0009\000]}{subsection.6.12.2}% 271
\BOOKMARK [3][-]{subsubsection.6.12.2.78}{\376\377\0006\000.\0001\0002\000.\0002\000.\0007\0008\000\040\000T\000E\000S\000T\000\137\000F\000\050\000\051\000\040\000[\0002\0002\000/\0001\0001\0009\000]}{subsection.6.12.2}% 272
\BOOKMARK [3][-]{subsubsection.6.12.2.79}{\376\377\0006\000.\0001\0002\000.\0002\000.\0007\0009\000\040\000T\000E\000S\000T\000\137\000F\000\050\000\051\000\040\000[\0002\0003\000/\0001\0001\0009\000]}{subsection.6.12.2}% 273
\BOOKMARK [3][-]{subsubsection.6.12.2.80}{\376\377\0006\000.\0001\0002\000.\0002\000.\0008\0000\000\040\000T\000E\000S\000T\000\137\000F\000\050\000\051\000\040\000[\0002\0004\000/\0001\0001\0009\000]}{subsection.6.12.2}% 274
\BOOKMARK [3][-]{subsubsection.6.12.2.81}{\376\377\0006\000.\0001\0002\000.\0002\000.\0008\0001\000\040\000T\000E\000S\000T\000\137\000F\000\050\000\051\000\040\000[\0002\0005\000/\0001\0001\0009\000]}{subsection.6.12.2}% 275
\BOOKMARK [3][-]{subsubsection.6.12.2.82}{\376\377\0006\000.\0001\0002\000.\0002\000.\0008\0002\000\040\000T\000E\000S\000T\000\137\000F\000\050\000\051\000\040\000[\0002\0006\000/\0001\0001\0009\000]}{subsection.6.12.2}% 276
\BOOKMARK [3][-]{subsubsection.6.12.2.83}{\376\377\0006\000.\0001\0002\000.\0002\000.\0008\0003\000\040\000T\000E\000S\000T\000\137\000F\000\050\000\051\000\040\000[\0002\0007\000/\0001\0001\0009\000]}{subsection.6.12.2}% 277
\BOOKMARK [3][-]{subsubsection.6.12.2.84}{\376\377\0006\000.\0001\0002\000.\0002\000.\0008\0004\000\040\000T\000E\000S\000T\000\137\000F\000\050\000\051\000\040\000[\0002\0008\000/\0001\0001\0009\000]}{subsection.6.12.2}% 278
\BOOKMARK [3][-]{subsubsection.6.12.2.85}{\376\377\0006\000.\0001\0002\000.\0002\000.\0008\0005\000\040\000T\000E\000S\000T\000\137\000F\000\050\000\051\000\040\000[\0002\0009\000/\0001\0001\0009\000]}{subsection.6.12.2}% 279
\BOOKMARK [3][-]{subsubsection.6.12.2.86}{\376\377\0006\000.\0001\0002\000.\0002\000.\0008\0006\000\040\000T\000E\000S\000T\000\137\000F\000\050\000\051\000\040\000[\0003\0000\000/\0001\0001\0009\000]}{subsection.6.12.2}% 280
\BOOKMARK [3][-]{subsubsection.6.12.2.87}{\376\377\0006\000.\0001\0002\000.\0002\000.\0008\0007\000\040\000T\000E\000S\000T\000\137\000F\000\050\000\051\000\040\000[\0003\0001\000/\0001\0001\0009\000]}{subsection.6.12.2}% 281
\BOOKMARK [3][-]{subsubsection.6.12.2.88}{\376\377\0006\000.\0001\0002\000.\0002\000.\0008\0008\000\040\000T\000E\000S\000T\000\137\000F\000\050\000\051\000\040\000[\0003\0002\000/\0001\0001\0009\000]}{subsection.6.12.2}% 282
\BOOKMARK [3][-]{subsubsection.6.12.2.89}{\376\377\0006\000.\0001\0002\000.\0002\000.\0008\0009\000\040\000T\000E\000S\000T\000\137\000F\000\050\000\051\000\040\000[\0003\0003\000/\0001\0001\0009\000]}{subsection.6.12.2}% 283
\BOOKMARK [3][-]{subsubsection.6.12.2.90}{\376\377\0006\000.\0001\0002\000.\0002\000.\0009\0000\000\040\000T\000E\000S\000T\000\137\000F\000\050\000\051\000\040\000[\0003\0004\000/\0001\0001\0009\000]}{subsection.6.12.2}% 284
\BOOKMARK [3][-]{subsubsection.6.12.2.91}{\376\377\0006\000.\0001\0002\000.\0002\000.\0009\0001\000\040\000T\000E\000S\000T\000\137\000F\000\050\000\051\000\040\000[\0003\0005\000/\0001\0001\0009\000]}{subsection.6.12.2}% 285
\BOOKMARK [3][-]{subsubsection.6.12.2.92}{\376\377\0006\000.\0001\0002\000.\0002\000.\0009\0002\000\040\000T\000E\000S\000T\000\137\000F\000\050\000\051\000\040\000[\0003\0006\000/\0001\0001\0009\000]}{subsection.6.12.2}% 286
\BOOKMARK [3][-]{subsubsection.6.12.2.93}{\376\377\0006\000.\0001\0002\000.\0002\000.\0009\0003\000\040\000T\000E\000S\000T\000\137\000F\000\050\000\051\000\040\000[\0003\0007\000/\0001\0001\0009\000]}{subsection.6.12.2}% 287
\BOOKMARK [3][-]{subsubsection.6.12.2.94}{\376\377\0006\000.\0001\0002\000.\0002\000.\0009\0004\000\040\000T\000E\000S\000T\000\137\000F\000\050\000\051\000\040\000[\0003\0008\000/\0001\0001\0009\000]}{subsection.6.12.2}% 288
\BOOKMARK [3][-]{subsubsection.6.12.2.95}{\376\377\0006\000.\0001\0002\000.\0002\000.\0009\0005\000\040\000T\000E\000S\000T\000\137\000F\000\050\000\051\000\040\000[\0003\0009\000/\0001\0001\0009\000]}{subsection.6.12.2}% 289
\BOOKMARK [3][-]{subsubsection.6.12.2.96}{\376\377\0006\000.\0001\0002\000.\0002\000.\0009\0006\000\040\000T\000E\000S\000T\000\137\000F\000\050\000\051\000\040\000[\0004\0000\000/\0001\0001\0009\000]}{subsection.6.12.2}% 290
\BOOKMARK [3][-]{subsubsection.6.12.2.97}{\376\377\0006\000.\0001\0002\000.\0002\000.\0009\0007\000\040\000T\000E\000S\000T\000\137\000F\000\050\000\051\000\040\000[\0004\0001\000/\0001\0001\0009\000]}{subsection.6.12.2}% 291
\BOOKMARK [3][-]{subsubsection.6.12.2.98}{\376\377\0006\000.\0001\0002\000.\0002\000.\0009\0008\000\040\000T\000E\000S\000T\000\137\000F\000\050\000\051\000\040\000[\0004\0002\000/\0001\0001\0009\000]}{subsection.6.12.2}% 292
\BOOKMARK [3][-]{subsubsection.6.12.2.99}{\376\377\0006\000.\0001\0002\000.\0002\000.\0009\0009\000\040\000T\000E\000S\000T\000\137\000F\000\050\000\051\000\040\000[\0004\0003\000/\0001\0001\0009\000]}{subsection.6.12.2}% 293
\BOOKMARK [3][-]{subsubsection.6.12.2.100}{\376\377\0006\000.\0001\0002\000.\0002\000.\0001\0000\0000\000\040\000T\000E\000S\000T\000\137\000F\000\050\000\051\000\040\000[\0004\0004\000/\0001\0001\0009\000]}{subsection.6.12.2}% 294
\BOOKMARK [3][-]{subsubsection.6.12.2.101}{\376\377\0006\000.\0001\0002\000.\0002\000.\0001\0000\0001\000\040\000T\000E\000S\000T\000\137\000F\000\050\000\051\000\040\000[\0004\0005\000/\0001\0001\0009\000]}{subsection.6.12.2}% 295
\BOOKMARK [3][-]{subsubsection.6.12.2.102}{\376\377\0006\000.\0001\0002\000.\0002\000.\0001\0000\0002\000\040\000T\000E\000S\000T\000\137\000F\000\050\000\051\000\040\000[\0004\0006\000/\0001\0001\0009\000]}{subsection.6.12.2}% 296
\BOOKMARK [3][-]{subsubsection.6.12.2.103}{\376\377\0006\000.\0001\0002\000.\0002\000.\0001\0000\0003\000\040\000T\000E\000S\000T\000\137\000F\000\050\000\051\000\040\000[\0004\0007\000/\0001\0001\0009\000]}{subsection.6.12.2}% 297
\BOOKMARK [3][-]{subsubsection.6.12.2.104}{\376\377\0006\000.\0001\0002\000.\0002\000.\0001\0000\0004\000\040\000T\000E\000S\000T\000\137\000F\000\050\000\051\000\040\000[\0004\0008\000/\0001\0001\0009\000]}{subsection.6.12.2}% 298
\BOOKMARK [3][-]{subsubsection.6.12.2.105}{\376\377\0006\000.\0001\0002\000.\0002\000.\0001\0000\0005\000\040\000T\000E\000S\000T\000\137\000F\000\050\000\051\000\040\000[\0004\0009\000/\0001\0001\0009\000]}{subsection.6.12.2}% 299
\BOOKMARK [3][-]{subsubsection.6.12.2.106}{\376\377\0006\000.\0001\0002\000.\0002\000.\0001\0000\0006\000\040\000T\000E\000S\000T\000\137\000F\000\050\000\051\000\040\000[\0005\0000\000/\0001\0001\0009\000]}{subsection.6.12.2}% 300
\BOOKMARK [3][-]{subsubsection.6.12.2.107}{\376\377\0006\000.\0001\0002\000.\0002\000.\0001\0000\0007\000\040\000T\000E\000S\000T\000\137\000F\000\050\000\051\000\040\000[\0005\0001\000/\0001\0001\0009\000]}{subsection.6.12.2}% 301
\BOOKMARK [3][-]{subsubsection.6.12.2.108}{\376\377\0006\000.\0001\0002\000.\0002\000.\0001\0000\0008\000\040\000T\000E\000S\000T\000\137\000F\000\050\000\051\000\040\000[\0005\0002\000/\0001\0001\0009\000]}{subsection.6.12.2}% 302
\BOOKMARK [3][-]{subsubsection.6.12.2.109}{\376\377\0006\000.\0001\0002\000.\0002\000.\0001\0000\0009\000\040\000T\000E\000S\000T\000\137\000F\000\050\000\051\000\040\000[\0005\0003\000/\0001\0001\0009\000]}{subsection.6.12.2}% 303
\BOOKMARK [3][-]{subsubsection.6.12.2.110}{\376\377\0006\000.\0001\0002\000.\0002\000.\0001\0001\0000\000\040\000T\000E\000S\000T\000\137\000F\000\050\000\051\000\040\000[\0005\0004\000/\0001\0001\0009\000]}{subsection.6.12.2}% 304
\BOOKMARK [3][-]{subsubsection.6.12.2.111}{\376\377\0006\000.\0001\0002\000.\0002\000.\0001\0001\0001\000\040\000T\000E\000S\000T\000\137\000F\000\050\000\051\000\040\000[\0005\0005\000/\0001\0001\0009\000]}{subsection.6.12.2}% 305
\BOOKMARK [3][-]{subsubsection.6.12.2.112}{\376\377\0006\000.\0001\0002\000.\0002\000.\0001\0001\0002\000\040\000T\000E\000S\000T\000\137\000F\000\050\000\051\000\040\000[\0005\0006\000/\0001\0001\0009\000]}{subsection.6.12.2}% 306
\BOOKMARK [3][-]{subsubsection.6.12.2.113}{\376\377\0006\000.\0001\0002\000.\0002\000.\0001\0001\0003\000\040\000T\000E\000S\000T\000\137\000F\000\050\000\051\000\040\000[\0005\0007\000/\0001\0001\0009\000]}{subsection.6.12.2}% 307
\BOOKMARK [3][-]{subsubsection.6.12.2.114}{\376\377\0006\000.\0001\0002\000.\0002\000.\0001\0001\0004\000\040\000T\000E\000S\000T\000\137\000F\000\050\000\051\000\040\000[\0005\0008\000/\0001\0001\0009\000]}{subsection.6.12.2}% 308
\BOOKMARK [3][-]{subsubsection.6.12.2.115}{\376\377\0006\000.\0001\0002\000.\0002\000.\0001\0001\0005\000\040\000T\000E\000S\000T\000\137\000F\000\050\000\051\000\040\000[\0005\0009\000/\0001\0001\0009\000]}{subsection.6.12.2}% 309
\BOOKMARK [3][-]{subsubsection.6.12.2.116}{\376\377\0006\000.\0001\0002\000.\0002\000.\0001\0001\0006\000\040\000T\000E\000S\000T\000\137\000F\000\050\000\051\000\040\000[\0006\0000\000/\0001\0001\0009\000]}{subsection.6.12.2}% 310
\BOOKMARK [3][-]{subsubsection.6.12.2.117}{\376\377\0006\000.\0001\0002\000.\0002\000.\0001\0001\0007\000\040\000T\000E\000S\000T\000\137\000F\000\050\000\051\000\040\000[\0006\0001\000/\0001\0001\0009\000]}{subsection.6.12.2}% 311
\BOOKMARK [3][-]{subsubsection.6.12.2.118}{\376\377\0006\000.\0001\0002\000.\0002\000.\0001\0001\0008\000\040\000T\000E\000S\000T\000\137\000F\000\050\000\051\000\040\000[\0006\0002\000/\0001\0001\0009\000]}{subsection.6.12.2}% 312
\BOOKMARK [3][-]{subsubsection.6.12.2.119}{\376\377\0006\000.\0001\0002\000.\0002\000.\0001\0001\0009\000\040\000T\000E\000S\000T\000\137\000F\000\050\000\051\000\040\000[\0006\0003\000/\0001\0001\0009\000]}{subsection.6.12.2}% 313
\BOOKMARK [3][-]{subsubsection.6.12.2.120}{\376\377\0006\000.\0001\0002\000.\0002\000.\0001\0002\0000\000\040\000T\000E\000S\000T\000\137\000F\000\050\000\051\000\040\000[\0006\0004\000/\0001\0001\0009\000]}{subsection.6.12.2}% 314
\BOOKMARK [3][-]{subsubsection.6.12.2.121}{\376\377\0006\000.\0001\0002\000.\0002\000.\0001\0002\0001\000\040\000T\000E\000S\000T\000\137\000F\000\050\000\051\000\040\000[\0006\0005\000/\0001\0001\0009\000]}{subsection.6.12.2}% 315
\BOOKMARK [3][-]{subsubsection.6.12.2.122}{\376\377\0006\000.\0001\0002\000.\0002\000.\0001\0002\0002\000\040\000T\000E\000S\000T\000\137\000F\000\050\000\051\000\040\000[\0006\0006\000/\0001\0001\0009\000]}{subsection.6.12.2}% 316
\BOOKMARK [3][-]{subsubsection.6.12.2.123}{\376\377\0006\000.\0001\0002\000.\0002\000.\0001\0002\0003\000\040\000T\000E\000S\000T\000\137\000F\000\050\000\051\000\040\000[\0006\0007\000/\0001\0001\0009\000]}{subsection.6.12.2}% 317
\BOOKMARK [3][-]{subsubsection.6.12.2.124}{\376\377\0006\000.\0001\0002\000.\0002\000.\0001\0002\0004\000\040\000T\000E\000S\000T\000\137\000F\000\050\000\051\000\040\000[\0006\0008\000/\0001\0001\0009\000]}{subsection.6.12.2}% 318
\BOOKMARK [3][-]{subsubsection.6.12.2.125}{\376\377\0006\000.\0001\0002\000.\0002\000.\0001\0002\0005\000\040\000T\000E\000S\000T\000\137\000F\000\050\000\051\000\040\000[\0006\0009\000/\0001\0001\0009\000]}{subsection.6.12.2}% 319
\BOOKMARK [3][-]{subsubsection.6.12.2.126}{\376\377\0006\000.\0001\0002\000.\0002\000.\0001\0002\0006\000\040\000T\000E\000S\000T\000\137\000F\000\050\000\051\000\040\000[\0007\0000\000/\0001\0001\0009\000]}{subsection.6.12.2}% 320
\BOOKMARK [3][-]{subsubsection.6.12.2.127}{\376\377\0006\000.\0001\0002\000.\0002\000.\0001\0002\0007\000\040\000T\000E\000S\000T\000\137\000F\000\050\000\051\000\040\000[\0007\0001\000/\0001\0001\0009\000]}{subsection.6.12.2}% 321
\BOOKMARK [3][-]{subsubsection.6.12.2.128}{\376\377\0006\000.\0001\0002\000.\0002\000.\0001\0002\0008\000\040\000T\000E\000S\000T\000\137\000F\000\050\000\051\000\040\000[\0007\0002\000/\0001\0001\0009\000]}{subsection.6.12.2}% 322
\BOOKMARK [3][-]{subsubsection.6.12.2.129}{\376\377\0006\000.\0001\0002\000.\0002\000.\0001\0002\0009\000\040\000T\000E\000S\000T\000\137\000F\000\050\000\051\000\040\000[\0007\0003\000/\0001\0001\0009\000]}{subsection.6.12.2}% 323
\BOOKMARK [3][-]{subsubsection.6.12.2.130}{\376\377\0006\000.\0001\0002\000.\0002\000.\0001\0003\0000\000\040\000T\000E\000S\000T\000\137\000F\000\050\000\051\000\040\000[\0007\0004\000/\0001\0001\0009\000]}{subsection.6.12.2}% 324
\BOOKMARK [3][-]{subsubsection.6.12.2.131}{\376\377\0006\000.\0001\0002\000.\0002\000.\0001\0003\0001\000\040\000T\000E\000S\000T\000\137\000F\000\050\000\051\000\040\000[\0007\0005\000/\0001\0001\0009\000]}{subsection.6.12.2}% 325
\BOOKMARK [3][-]{subsubsection.6.12.2.132}{\376\377\0006\000.\0001\0002\000.\0002\000.\0001\0003\0002\000\040\000T\000E\000S\000T\000\137\000F\000\050\000\051\000\040\000[\0007\0006\000/\0001\0001\0009\000]}{subsection.6.12.2}% 326
\BOOKMARK [3][-]{subsubsection.6.12.2.133}{\376\377\0006\000.\0001\0002\000.\0002\000.\0001\0003\0003\000\040\000T\000E\000S\000T\000\137\000F\000\050\000\051\000\040\000[\0007\0007\000/\0001\0001\0009\000]}{subsection.6.12.2}% 327
\BOOKMARK [3][-]{subsubsection.6.12.2.134}{\376\377\0006\000.\0001\0002\000.\0002\000.\0001\0003\0004\000\040\000T\000E\000S\000T\000\137\000F\000\050\000\051\000\040\000[\0007\0008\000/\0001\0001\0009\000]}{subsection.6.12.2}% 328
\BOOKMARK [3][-]{subsubsection.6.12.2.135}{\376\377\0006\000.\0001\0002\000.\0002\000.\0001\0003\0005\000\040\000T\000E\000S\000T\000\137\000F\000\050\000\051\000\040\000[\0007\0009\000/\0001\0001\0009\000]}{subsection.6.12.2}% 329
\BOOKMARK [3][-]{subsubsection.6.12.2.136}{\376\377\0006\000.\0001\0002\000.\0002\000.\0001\0003\0006\000\040\000T\000E\000S\000T\000\137\000F\000\050\000\051\000\040\000[\0008\0000\000/\0001\0001\0009\000]}{subsection.6.12.2}% 330
\BOOKMARK [3][-]{subsubsection.6.12.2.137}{\376\377\0006\000.\0001\0002\000.\0002\000.\0001\0003\0007\000\040\000T\000E\000S\000T\000\137\000F\000\050\000\051\000\040\000[\0008\0001\000/\0001\0001\0009\000]}{subsection.6.12.2}% 331
\BOOKMARK [3][-]{subsubsection.6.12.2.138}{\376\377\0006\000.\0001\0002\000.\0002\000.\0001\0003\0008\000\040\000T\000E\000S\000T\000\137\000F\000\050\000\051\000\040\000[\0008\0002\000/\0001\0001\0009\000]}{subsection.6.12.2}% 332
\BOOKMARK [3][-]{subsubsection.6.12.2.139}{\376\377\0006\000.\0001\0002\000.\0002\000.\0001\0003\0009\000\040\000T\000E\000S\000T\000\137\000F\000\050\000\051\000\040\000[\0008\0003\000/\0001\0001\0009\000]}{subsection.6.12.2}% 333
\BOOKMARK [3][-]{subsubsection.6.12.2.140}{\376\377\0006\000.\0001\0002\000.\0002\000.\0001\0004\0000\000\040\000T\000E\000S\000T\000\137\000F\000\050\000\051\000\040\000[\0008\0004\000/\0001\0001\0009\000]}{subsection.6.12.2}% 334
\BOOKMARK [3][-]{subsubsection.6.12.2.141}{\376\377\0006\000.\0001\0002\000.\0002\000.\0001\0004\0001\000\040\000T\000E\000S\000T\000\137\000F\000\050\000\051\000\040\000[\0008\0005\000/\0001\0001\0009\000]}{subsection.6.12.2}% 335
\BOOKMARK [3][-]{subsubsection.6.12.2.142}{\376\377\0006\000.\0001\0002\000.\0002\000.\0001\0004\0002\000\040\000T\000E\000S\000T\000\137\000F\000\050\000\051\000\040\000[\0008\0006\000/\0001\0001\0009\000]}{subsection.6.12.2}% 336
\BOOKMARK [3][-]{subsubsection.6.12.2.143}{\376\377\0006\000.\0001\0002\000.\0002\000.\0001\0004\0003\000\040\000T\000E\000S\000T\000\137\000F\000\050\000\051\000\040\000[\0008\0007\000/\0001\0001\0009\000]}{subsection.6.12.2}% 337
\BOOKMARK [3][-]{subsubsection.6.12.2.144}{\376\377\0006\000.\0001\0002\000.\0002\000.\0001\0004\0004\000\040\000T\000E\000S\000T\000\137\000F\000\050\000\051\000\040\000[\0008\0008\000/\0001\0001\0009\000]}{subsection.6.12.2}% 338
\BOOKMARK [3][-]{subsubsection.6.12.2.145}{\376\377\0006\000.\0001\0002\000.\0002\000.\0001\0004\0005\000\040\000T\000E\000S\000T\000\137\000F\000\050\000\051\000\040\000[\0008\0009\000/\0001\0001\0009\000]}{subsection.6.12.2}% 339
\BOOKMARK [3][-]{subsubsection.6.12.2.146}{\376\377\0006\000.\0001\0002\000.\0002\000.\0001\0004\0006\000\040\000T\000E\000S\000T\000\137\000F\000\050\000\051\000\040\000[\0009\0000\000/\0001\0001\0009\000]}{subsection.6.12.2}% 340
\BOOKMARK [3][-]{subsubsection.6.12.2.147}{\376\377\0006\000.\0001\0002\000.\0002\000.\0001\0004\0007\000\040\000T\000E\000S\000T\000\137\000F\000\050\000\051\000\040\000[\0009\0001\000/\0001\0001\0009\000]}{subsection.6.12.2}% 341
\BOOKMARK [3][-]{subsubsection.6.12.2.148}{\376\377\0006\000.\0001\0002\000.\0002\000.\0001\0004\0008\000\040\000T\000E\000S\000T\000\137\000F\000\050\000\051\000\040\000[\0009\0002\000/\0001\0001\0009\000]}{subsection.6.12.2}% 342
\BOOKMARK [3][-]{subsubsection.6.12.2.149}{\376\377\0006\000.\0001\0002\000.\0002\000.\0001\0004\0009\000\040\000T\000E\000S\000T\000\137\000F\000\050\000\051\000\040\000[\0009\0003\000/\0001\0001\0009\000]}{subsection.6.12.2}% 343
\BOOKMARK [3][-]{subsubsection.6.12.2.150}{\376\377\0006\000.\0001\0002\000.\0002\000.\0001\0005\0000\000\040\000T\000E\000S\000T\000\137\000F\000\050\000\051\000\040\000[\0009\0004\000/\0001\0001\0009\000]}{subsection.6.12.2}% 344
\BOOKMARK [3][-]{subsubsection.6.12.2.151}{\376\377\0006\000.\0001\0002\000.\0002\000.\0001\0005\0001\000\040\000T\000E\000S\000T\000\137\000F\000\050\000\051\000\040\000[\0009\0005\000/\0001\0001\0009\000]}{subsection.6.12.2}% 345
\BOOKMARK [3][-]{subsubsection.6.12.2.152}{\376\377\0006\000.\0001\0002\000.\0002\000.\0001\0005\0002\000\040\000T\000E\000S\000T\000\137\000F\000\050\000\051\000\040\000[\0009\0006\000/\0001\0001\0009\000]}{subsection.6.12.2}% 346
\BOOKMARK [3][-]{subsubsection.6.12.2.153}{\376\377\0006\000.\0001\0002\000.\0002\000.\0001\0005\0003\000\040\000T\000E\000S\000T\000\137\000F\000\050\000\051\000\040\000[\0009\0007\000/\0001\0001\0009\000]}{subsection.6.12.2}% 347
\BOOKMARK [3][-]{subsubsection.6.12.2.154}{\376\377\0006\000.\0001\0002\000.\0002\000.\0001\0005\0004\000\040\000T\000E\000S\000T\000\137\000F\000\050\000\051\000\040\000[\0009\0008\000/\0001\0001\0009\000]}{subsection.6.12.2}% 348
\BOOKMARK [3][-]{subsubsection.6.12.2.155}{\376\377\0006\000.\0001\0002\000.\0002\000.\0001\0005\0005\000\040\000T\000E\000S\000T\000\137\000F\000\050\000\051\000\040\000[\0009\0009\000/\0001\0001\0009\000]}{subsection.6.12.2}% 349
\BOOKMARK [3][-]{subsubsection.6.12.2.156}{\376\377\0006\000.\0001\0002\000.\0002\000.\0001\0005\0006\000\040\000T\000E\000S\000T\000\137\000F\000\050\000\051\000\040\000[\0001\0000\0000\000/\0001\0001\0009\000]}{subsection.6.12.2}% 350
\BOOKMARK [3][-]{subsubsection.6.12.2.157}{\376\377\0006\000.\0001\0002\000.\0002\000.\0001\0005\0007\000\040\000T\000E\000S\000T\000\137\000F\000\050\000\051\000\040\000[\0001\0000\0001\000/\0001\0001\0009\000]}{subsection.6.12.2}% 351
\BOOKMARK [3][-]{subsubsection.6.12.2.158}{\376\377\0006\000.\0001\0002\000.\0002\000.\0001\0005\0008\000\040\000T\000E\000S\000T\000\137\000F\000\050\000\051\000\040\000[\0001\0000\0002\000/\0001\0001\0009\000]}{subsection.6.12.2}% 352
\BOOKMARK [3][-]{subsubsection.6.12.2.159}{\376\377\0006\000.\0001\0002\000.\0002\000.\0001\0005\0009\000\040\000T\000E\000S\000T\000\137\000F\000\050\000\051\000\040\000[\0001\0000\0003\000/\0001\0001\0009\000]}{subsection.6.12.2}% 353
\BOOKMARK [3][-]{subsubsection.6.12.2.160}{\376\377\0006\000.\0001\0002\000.\0002\000.\0001\0006\0000\000\040\000T\000E\000S\000T\000\137\000F\000\050\000\051\000\040\000[\0001\0000\0004\000/\0001\0001\0009\000]}{subsection.6.12.2}% 354
\BOOKMARK [3][-]{subsubsection.6.12.2.161}{\376\377\0006\000.\0001\0002\000.\0002\000.\0001\0006\0001\000\040\000T\000E\000S\000T\000\137\000F\000\050\000\051\000\040\000[\0001\0000\0005\000/\0001\0001\0009\000]}{subsection.6.12.2}% 355
\BOOKMARK [3][-]{subsubsection.6.12.2.162}{\376\377\0006\000.\0001\0002\000.\0002\000.\0001\0006\0002\000\040\000T\000E\000S\000T\000\137\000F\000\050\000\051\000\040\000[\0001\0000\0006\000/\0001\0001\0009\000]}{subsection.6.12.2}% 356
\BOOKMARK [3][-]{subsubsection.6.12.2.163}{\376\377\0006\000.\0001\0002\000.\0002\000.\0001\0006\0003\000\040\000T\000E\000S\000T\000\137\000F\000\050\000\051\000\040\000[\0001\0000\0007\000/\0001\0001\0009\000]}{subsection.6.12.2}% 357
\BOOKMARK [3][-]{subsubsection.6.12.2.164}{\376\377\0006\000.\0001\0002\000.\0002\000.\0001\0006\0004\000\040\000T\000E\000S\000T\000\137\000F\000\050\000\051\000\040\000[\0001\0000\0008\000/\0001\0001\0009\000]}{subsection.6.12.2}% 358
\BOOKMARK [3][-]{subsubsection.6.12.2.165}{\376\377\0006\000.\0001\0002\000.\0002\000.\0001\0006\0005\000\040\000T\000E\000S\000T\000\137\000F\000\050\000\051\000\040\000[\0001\0000\0009\000/\0001\0001\0009\000]}{subsection.6.12.2}% 359
\BOOKMARK [3][-]{subsubsection.6.12.2.166}{\376\377\0006\000.\0001\0002\000.\0002\000.\0001\0006\0006\000\040\000T\000E\000S\000T\000\137\000F\000\050\000\051\000\040\000[\0001\0001\0000\000/\0001\0001\0009\000]}{subsection.6.12.2}% 360
\BOOKMARK [3][-]{subsubsection.6.12.2.167}{\376\377\0006\000.\0001\0002\000.\0002\000.\0001\0006\0007\000\040\000T\000E\000S\000T\000\137\000F\000\050\000\051\000\040\000[\0001\0001\0001\000/\0001\0001\0009\000]}{subsection.6.12.2}% 361
\BOOKMARK [3][-]{subsubsection.6.12.2.168}{\376\377\0006\000.\0001\0002\000.\0002\000.\0001\0006\0008\000\040\000T\000E\000S\000T\000\137\000F\000\050\000\051\000\040\000[\0001\0001\0002\000/\0001\0001\0009\000]}{subsection.6.12.2}% 362
\BOOKMARK [3][-]{subsubsection.6.12.2.169}{\376\377\0006\000.\0001\0002\000.\0002\000.\0001\0006\0009\000\040\000T\000E\000S\000T\000\137\000F\000\050\000\051\000\040\000[\0001\0001\0003\000/\0001\0001\0009\000]}{subsection.6.12.2}% 363
\BOOKMARK [3][-]{subsubsection.6.12.2.170}{\376\377\0006\000.\0001\0002\000.\0002\000.\0001\0007\0000\000\040\000T\000E\000S\000T\000\137\000F\000\050\000\051\000\040\000[\0001\0001\0004\000/\0001\0001\0009\000]}{subsection.6.12.2}% 364
\BOOKMARK [3][-]{subsubsection.6.12.2.171}{\376\377\0006\000.\0001\0002\000.\0002\000.\0001\0007\0001\000\040\000T\000E\000S\000T\000\137\000F\000\050\000\051\000\040\000[\0001\0001\0005\000/\0001\0001\0009\000]}{subsection.6.12.2}% 365
\BOOKMARK [3][-]{subsubsection.6.12.2.172}{\376\377\0006\000.\0001\0002\000.\0002\000.\0001\0007\0002\000\040\000T\000E\000S\000T\000\137\000F\000\050\000\051\000\040\000[\0001\0001\0006\000/\0001\0001\0009\000]}{subsection.6.12.2}% 366
\BOOKMARK [3][-]{subsubsection.6.12.2.173}{\376\377\0006\000.\0001\0002\000.\0002\000.\0001\0007\0003\000\040\000T\000E\000S\000T\000\137\000F\000\050\000\051\000\040\000[\0001\0001\0007\000/\0001\0001\0009\000]}{subsection.6.12.2}% 367
\BOOKMARK [3][-]{subsubsection.6.12.2.174}{\376\377\0006\000.\0001\0002\000.\0002\000.\0001\0007\0004\000\040\000T\000E\000S\000T\000\137\000F\000\050\000\051\000\040\000[\0001\0001\0008\000/\0001\0001\0009\000]}{subsection.6.12.2}% 368
\BOOKMARK [3][-]{subsubsection.6.12.2.175}{\376\377\0006\000.\0001\0002\000.\0002\000.\0001\0007\0005\000\040\000T\000E\000S\000T\000\137\000F\000\050\000\051\000\040\000[\0001\0001\0009\000/\0001\0001\0009\000]}{subsection.6.12.2}% 369
\BOOKMARK [0][-]{section*.43}{\376\377\000I\000n\000d\000e\000x}{}% 370
